60
Эп   636 | Счет:   0 | Ср.счет(100):   0.00 | Макс:   0 | Epsilon: 0.0312 | Награда:   117.40 | Ср.награда(100):   404.48 | Шаги:   54
Эп   637 | Счет:   0 | Ср.счет(100):   0.00 | Макс:   0 | Epsilon: 0.0306 | Награда:  1979.20 | Ср.награда(100):   423.48 | Шаги:  202
Эп   638 | Счет:   0 | Ср.счет(100):   0.00 | Макс:   0 | Epsilon: 0.0303 | Награда:   607.60 | Ср.награда(100):   422.18 | Шаги:   92
Эп   639 | Счет:   0 | Ср.счет(100):   0.00 | Макс:   0 | Epsilon: 0.0302 | Награда:   140.40 | Ср.награда(100):   424.41 | Шаги:   57
Эп   640 | Счет:   0 | Ср.счет(100):   0.00 | Макс:   0 | Epsilon: 0.0297 | Награда:  1564.00 | Ср.награда(100):   440.87 | Шаги:  165
Эп   641 | Счет:   0 | Ср.счет(100):   0.00 | Макс:   0 | Epsilon: 0.0295 | Награда:    18.00 | Ср.награда(100):   442.44 | Шаги:   52
Эп   642 | Счет:   0 | Ср.счет(100):   0.00 | Макс:   0 | Epsilon: 0.0293 | Награда:   381.80 | Ср.награда(100):   440.99 | Шаги:   64
Эп   643 | Счет:   0 | Ср.счет(100):   0.00 | Макс:   0 | Epsilon: 0.0288 | Награда:  1656.80 | Ср.награда(100):   442.90 | Шаги:  178
Эп   644 | Счет:   0 | Ср.счет(100):   0.00 | Макс:   0 | Epsilon: 0.0284 | Награда:  1048.20 | Ср.награда(100):   441.28 | Шаги:  135
Эп   645 | Счет:   0 | Ср.счет(100):   0.00 | Макс:   0 | Epsilon: 0.0280 | Награда:   992.80 | Ср.награда(100):   442.62 | Шаги:  134
Эп   646 | Счет:   0 | Ср.счет(100):   0.00 | Макс:   0 | Epsilon: 0.0278 | Награда:   835.20 | Ср.награда(100):   442.41 | Шаги:   99
Эп   647 | Счет:   0 | Ср.счет(100):   0.00 | Макс:   0 | Epsilon: 0.0271 | Награда:  2775.80 | Ср.награда(100):   468.67 | Шаги:  250
Эп   648 | Счет:   0 | Ср.счет(100):   0.00 | Макс:   0 | Epsilon: 0.0266 | Награда:  1684.20 | Ср.награда(100):   485.25 | Шаги:  177
Эп   649 | Счет:   0 | Ср.счет(100):   0.00 | Макс:   0 | Epsilon: 0.0264 | Награда:   381.40 | Ср.награда(100):   489.17 | Шаги:   62
Эп   650 | Счет:   0 | Ср.счет(100):   0.00 | Макс:   0 | Epsilon: 0.0262 | Награда:   647.80 | Ср.награда(100):   483.45 | Шаги:   97
Эп   651 | Счет:   0 | Ср.счет(100):   0.00 | Макс:   0 | Epsilon: 0.0258 | Награда:  1080.20 | Ср.награда(100):   485.58 | Шаги:  133
Эп   652 | Счет:   0 | Ср.счет(100):   0.00 | Макс:   0 | Epsilon: 0.0256 | Награда:   679.80 | Ср.награда(100):   493.20 | Шаги:   97
Эп   653 | Счет:   0 | Ср.счет(100):   0.00 | Макс:   0 | Epsilon: 0.0254 | Награда:   360.80 | Ср.награда(100):   496.90 | Шаги:   62
Эп   654 | Счет:   0 | Ср.счет(100):   0.00 | Макс:   0 | Epsilon: 0.0252 | Награда:   833.20 | Ср.награда(100):   506.05 | Шаги:  103
Эп   655 | Счет:   0 | Ср.счет(100):   0.00 | Макс:   0 | Epsilon: 0.0250 | Награда:   356.40 | Ср.награда(100):   506.21 | Шаги:   64
Эп   656 | Счет:   0 | Ср.счет(100):   0.00 | Макс:   0 | Epsilon: 0.0250 | Награда:   -82.00 | Ср.награда(100):   506.21 | Шаги:   19
Эп   657 | Счет:   0 | Ср.счет(100):   0.00 | Макс:   0 | Epsilon: 0.0249 | Награда:   -82.00 | Ср.награда(100):   506.21 | Шаги:   19
Эп   658 | Счет:   0 | Ср.счет(100):   0.00 | Макс:   0 | Epsilon: 0.0249 | Награда:   -82.00 | Ср.награда(100):   506.21 | Шаги:   19
Эп   659 | Счет:   0 | Ср.счет(100):   0.00 | Макс:   0 | Epsilon: 0.0245 | Награда:  1157.40 | Ср.награда(100):   518.61 | Шаги:  138
Эп   660 | Счет:   0 | Ср.счет(100):   0.00 | Макс:   0 | Epsilon: 0.0245 | Награда:   -82.00 | Ср.награда(100):   516.94 | Шаги:   19
Эп   661 | Счет:   0 | Ср.счет(100):   0.00 | Макс:   0 | Epsilon: 0.0244 | Награда:   -82.00 | Ср.награда(100):   516.94 | Шаги:   19
Эп   662 | Счет:   0 | Ср.счет(100):   0.00 | Макс:   0 | Epsilon: 0.0244 | Награда:   -82.00 | Ср.награда(100):   516.94 | Шаги:   19
Эп   663 | Счет:   0 | Ср.счет(100):   0.00 | Макс:   0 | Epsilon: 0.0243 | Награда:   -82.00 | Ср.награда(100):   515.20 | Шаги:   19
Эп   664 | Счет:   0 | Ср.счет(100):   0.00 | Макс:   0 | Epsilon: 0.0243 | Награда:   -82.00 | Ср.награда(100):   509.24 | Шаги:   19
Эп   665 | Счет:   0 | Ср.счет(100):   0.00 | Макс:   0 | Epsilon: 0.0241 | Награда:   365.20 | Ср.награда(100):   514.54 | Шаги:   63
Эп   666 | Счет:   0 | Ср.счет(100):   0.00 | Макс:   0 | Epsilon: 0.0239 | Награда:   780.00 | Ср.награда(100):   520.90 | Шаги:  104
Эп   667 | Счет:   0 | Ср.счет(100):   0.00 | Макс:   0 | Epsilon: 0.0238 | Награда:   148.60 | Ср.награда(100):   518.21 | Шаги:   59
Эп   668 | Счет:   0 | Ср.счет(100):   0.00 | Макс:   0 | Epsilon: 0.0234 | Награда:  1343.00 | Ср.награда(100):   532.78 | Шаги:  159
Эп   669 | Счет:   0 | Ср.счет(100):   0.00 | Макс:   0 | Epsilon: 0.0231 | Награда:   731.40 | Ср.награда(100):   541.40 | Шаги:  104
Эп   670 | Счет:   0 | Ср.счет(100):   0.00 | Макс:   0 | Epsilon: 0.0230 | Награда:   157.80 | Ср.награда(100):   542.52 | Шаги:   60
Эп   671 | Счет:   0 | Ср.счет(100):   0.00 | Макс:   0 | Epsilon: 0.0226 | Награда:  1605.40 | Ср.награда(100):   558.11 | Шаги:  175
Эп   672 | Счет:   0 | Ср.счет(100):   0.00 | Макс:   0 | Epsilon: 0.0225 | Награда:   407.00 | Ср.награда(100):   563.00 | Шаги:   66
Эп   673 | Счет:   0 | Ср.счет(100):   0.00 | Макс:   0 | Epsilon: 0.0223 | Награда:   115.80 | Ср.награда(100):   560.49 | Шаги:   56
Эп   674 | Счет:   0 | Ср.счет(100):   0.00 | Макс:   0 | Epsilon: 0.0222 | Награда:   136.40 | Ср.награда(100):   557.51 | Шаги:   58
Эп   675 | Счет:   0 | Ср.счет(100):   0.00 | Макс:   0 | Epsilon: 0.0222 | Награда:   -82.00 | Ср.награда(100):   553.12 | Шаги:   19
Эп   676 | Счет:   0 | Ср.счет(100):   0.00 | Макс:   0 | Epsilon: 0.0220 | Награда:   249.20 | Ср.награда(100):   551.06 | Шаги:   62
Эп   677 | Счет:   0 | Ср.счет(100):   0.00 | Макс:   0 | Epsilon: 0.0219 | Награда:   369.60 | Ср.награда(100):   556.11 | Шаги:   63
Эп   678 | Счет:   0 | Ср.счет(100):   0.00 | Макс:   0 | Epsilon: 0.0216 | Награда:   864.00 | Ср.награда(100):   565.96 | Шаги:  123
Эп   679 | Счет:   0 | Ср.счет(100):   0.00 | Макс:   0 | Epsilon: 0.0215 | Награда:   393.60 | Ср.награда(100):   567.22 | Шаги:   63
Эп   680 | Счет:   0 | Ср.счет(100):   0.00 | Макс:   0 | Epsilon: 0.0213 | Награда:   362.60 | Ср.награда(100):   571.46 | Шаги:   62
Эп   681 | Счет:   0 | Ср.счет(100):   0.00 | Макс:   0 | Epsilon: 0.0212 | Награда:   166.20 | Ср.награда(100):   562.15 | Шаги:   61
Эп   682 | Счет:   0 | Ср.счет(100):   0.00 | Макс:   0 | Epsilon: 0.0210 | Награда:   519.20 | Ср.награда(100):   567.66 | Шаги:   91
Эп   683 | Счет:   0 | Ср.счет(100):   0.00 | Макс:   0 | Epsilon: 0.0209 | Награда:   150.80 | Ср.награда(100):   562.72 | Шаги:   60
Эп   684 | Счет:   0 | Ср.счет(100):   0.00 | Макс:   0 | Epsilon: 0.0206 | Награда:  1151.40 | Ср.награда(100):   571.94 | Шаги:  135
Эп   685 | Счет:   0 | Ср.счет(100):   0.00 | Макс:   0 | Epsilon: 0.0205 | Награда:   368.40 | Ср.награда(100):   576.05 | Шаги:   63
Эп   686 | Счет:   0 | Ср.счет(100):   0.00 | Макс:   0 | Epsilon: 0.0204 | Награда:   365.20 | Ср.награда(100):   576.85 | Шаги:   63
Эп   687 | Счет:   0 | Ср.счет(100):   0.00 | Макс:   0 | Epsilon: 0.0202 | Награда:   114.20 | Ср.награда(100):   573.48 | Шаги:   57
Эп   688 | Счет:   0 | Ср.счет(100):   0.00 | Макс:   0 | Epsilon: 0.0201 | Награда:   156.00 | Ср.награда(100):   562.22 | Шаги:   60
Эп   689 | Счет:   0 | Ср.счет(100):   0.00 | Макс:   0 | Epsilon: 0.0200 | Награда:   335.80 | Ср.награда(100):   556.06 | Шаги:   65
Эп   690 | Счет:   0 | Ср.счет(100):   0.00 | Макс:   0 | Epsilon: 0.0199 | Награда:    30.40 | Ср.награда(100):   557.19 | Шаги:   52
Эп   691 | Счет:   0 | Ср.счет(100):   0.00 | Макс:   0 | Epsilon: 0.0198 | Награда:   -82.00 | Ср.награда(100):   553.19 | Шаги:   19
Эп   692 | Счет:   0 | Ср.счет(100):   0.00 | Макс:   0 | Epsilon: 0.0198 | Награда:   -82.00 | Ср.награда(100):   544.52 | Шаги:   19
Эп   693 | Счет:   0 | Ср.счет(100):   0.00 | Макс:   0 | Epsilon: 0.0196 | Награда:   812.60 | Ср.награда(100):   544.06 | Шаги:  105
Эп   694 | Счет:   0 | Ср.счет(100):   0.00 | Макс:   0 | Epsilon: 0.0195 | Награда:   306.80 | Ср.награда(100):   530.32 | Шаги:   63
Эп   695 | Счет:   0 | Ср.счет(100):   0.00 | Макс:   0 | Epsilon: 0.0194 | Награда:   280.00 | Ср.награда(100):   527.51 | Шаги:   65
Эп   696 | Счет:   0 | Ср.счет(100):   0.00 | Макс:   0 | Epsilon: 0.0192 | Награда:   362.40 | Ср.награда(100):   530.70 | Шаги:   63
Эп   697 | Счет:   0 | Ср.счет(100):   0.00 | Макс:   0 | Epsilon: 0.0188 | Награда:  2507.20 | Ср.награда(100):   557.35 | Шаги:  236
Эп   698 | Счет:   0 | Ср.счет(100):   0.00 | Макс:   0 | Epsilon: 0.0187 | Награда:   345.80 | Ср.награда(100):   556.51 | Шаги:   62
Эп   699 | Счет:   0 | Ср.счет(100):   0.00 | Макс:   0 | Epsilon: 0.0184 | Награда:   939.40 | Ср.награда(100):   562.65 | Шаги:  128
Эп   700 | Счет:   0 | Ср.счет(100):   0.00 | Макс:   0 | Epsilon: 0.0183 | Награда:    49.40 | Ср.награда(100):   560.86 | Шаги:   59
Эп   701 | Счет:   0 | Ср.счет(100):   0.00 | Макс:   0 | Epsilon: 0.0183 | Награда:   -82.00 | Ср.награда(100):   547.85 | Шаги:   19
Эп   702 | Счет:   0 | Ср.счет(100):   0.00 | Макс:   0 | Epsilon: 0.0182 | Награда:    51.00 | Ср.награда(100):   547.40 | Шаги:   58
Эп   703 | Счет:   0 | Ср.счет(100):   0.00 | Макс:   0 | Epsilon: 0.0179 | Награда:  1048.00 | Ср.награда(100):   557.21 | Шаги:  135
Эп   704 | Счет:   0 | Ср.счет(100):   0.00 | Макс:   0 | Epsilon: 0.0178 | Награда:   126.20 | Ср.награда(100):   553.04 | Шаги:   57
Эп   705 | Счет:   0 | Ср.счет(100):   0.00 | Макс:   0 | Epsilon: 0.0176 | Награда:   894.60 | Ср.награда(100):   554.31 | Шаги:  132
Эп   706 | Счет:   0 | Ср.счет(100):   0.00 | Макс:   0 | Epsilon: 0.0174 | Награда:   715.60 | Ср.награда(100):   557.44 | Шаги:  102
Эп   707 | Счет:   0 | Ср.счет(100):   0.00 | Макс:   0 | Epsilon: 0.0174 | Награда:   -82.00 | Ср.награда(100):   553.16 | Шаги:   19
Эп   708 | Счет:   0 | Ср.счет(100):   0.00 | Макс:   0 | Epsilon: 0.0174 | Награда:   -82.00 | Ср.награда(100):   551.60 | Шаги:   19
Эп   709 | Счет:   0 | Ср.счет(100):   0.00 | Макс:   0 | Epsilon: 0.0173 | Награда:   126.80 | Ср.награда(100):   552.11 | Шаги:   59
Эп   710 | Счет:   0 | Ср.счет(100):   0.00 | Макс:   0 | Epsilon: 0.0170 | Награда:  1294.60 | Ср.награда(100):   553.06 | Шаги:  138
Эп   711 | Счет:   0 | Ср.счет(100):   0.00 | Макс:   0 | Epsilon: 0.0169 | Награда:   298.20 | Ср.награда(100):   542.22 | Шаги:   64
Эп   712 | Счет:   0 | Ср.счет(100):   0.00 | Макс:   0 | Epsilon: 0.0168 | Награда:   138.80 | Ср.награда(100):   543.75 | Шаги:   61
Эп   713 | Счет:   0 | Ср.счет(100):   0.00 | Макс:   0 | Epsilon: 0.0162 | Награда:  3877.40 | Ср.награда(100):   584.11 | Шаги:  349
Эп   714 | Счет:   0 | Ср.счет(100):   0.00 | Макс:   0 | Epsilon: 0.0160 | Награда:   945.60 | Ср.награда(100):   589.64 | Шаги:  129
Эп   715 | Счет:   0 | Ср.счет(100):   0.00 | Макс:   0 | Epsilon: 0.0160 | Награда:   -82.00 | Ср.награда(100):   573.35 | Шаги:   19
Эп   716 | Счет:   0 | Ср.счет(100):   0.00 | Макс:   0 | Epsilon: 0.0159 | Награда:   -59.00 | Ср.награда(100):   566.80 | Шаги:   50
Эп   717 | Счет:   0 | Ср.счет(100):   0.00 | Макс:   0 | Epsilon: 0.0158 | Награда:   603.00 | Ср.награда(100):   561.02 | Шаги:   92
Эп   718 | Счет:   0 | Ср.счет(100):   0.00 | Макс:   0 | Epsilon: 0.0156 | Награда:  1347.20 | Ср.награда(100):   560.29 | Шаги:  137
Эп   719 | Счет:   0 | Ср.счет(100):   0.00 | Макс:   0 | Epsilon: 0.0153 | Награда:  1628.40 | Ср.награда(100):   568.49 | Шаги:  178
Эп   720 | Счет:   0 | Ср.счет(100):   0.00 | Макс:   0 | Epsilon: 0.0151 | Награда:   861.40 | Ср.награда(100):   556.79 | Шаги:  102
Эп   721 | Счет:   0 | Ср.счет(100):   0.00 | Макс:   0 | Epsilon: 0.0149 | Награда:  1720.80 | Ср.награда(100):   559.27 | Шаги:  174
Эп   722 | Счет:   0 | Ср.счет(100):   0.00 | Макс:   0 | Epsilon: 0.0144 | Награда:  3114.60 | Ср.награда(100):   589.38 | Шаги:  286
Эп   723 | Счет:   0 | Ср.счет(100):   0.00 | Макс:   0 | Epsilon: 0.0138 | Награда:  4718.60 | Ср.награда(100):   637.39 | Шаги:  428
Эп   724 | Счет:   0 | Ср.счет(100):   0.00 | Макс:   0 | Epsilon: 0.0138 | Награда:    99.40 | Ср.награда(100):   639.20 | Шаги:   57
Эп   725 | Счет:   0 | Ср.счет(100):   0.00 | Макс:   0 | Epsilon: 0.0137 | Награда:    60.00 | Ср.награда(100):   639.59 | Шаги:   57
Эп   726 | Счет:   0 | Ср.счет(100):   0.00 | Макс:   0 | Epsilon: 0.0136 | Награда:   312.40 | Ср.награда(100):   639.46 | Шаги:   62
Эп   727 | Счет:   0 | Ср.счет(100):   0.00 | Макс:   0 | Epsilon: 0.0133 | Награда:  2726.20 | Ср.награда(100):   664.13 | Шаги:  251
Эп   728 | Счет:   0 | Ср.счет(100):   0.00 | Макс:   0 | Epsilon: 0.0132 | Награда:   -82.00 | Ср.награда(100):   662.17 | Шаги:   19
Эп   729 | Счет:   0 | Ср.счет(100):   0.00 | Макс:   0 | Epsilon: 0.0132 | Награда:   -82.00 | Ср.награда(100):   647.62 | Шаги:   19
Эп   730 | Счет:   0 | Ср.счет(100):   0.00 | Макс:   0 | Epsilon: 0.0132 | Награда:   -82.00 | Ср.награда(100):   633.12 | Шаги:   19
Эп   731 | Счет:   0 | Ср.счет(100):   0.00 | Макс:   0 | Epsilon: 0.0132 | Награда:   -82.00 | Ср.награда(100):   621.86 | Шаги:   19
Эп   732 | Счет:   0 | Ср.счет(100):   0.00 | Макс:   0 | Epsilon: 0.0131 | Награда:   -82.00 | Ср.награда(100):   619.70 | Шаги:   19
Эп   733 | Счет:   0 | Ср.счет(100):   0.00 | Макс:   0 | Epsilon: 0.0130 | Награда:   343.80 | Ср.награда(100):   619.24 | Шаги:   65
Эп   734 | Счет:   0 | Ср.счет(100):   0.00 | Макс:   0 | Epsilon: 0.0129 | Награда:   621.20 | Ср.награда(100):   624.22 | Шаги:   97
Эп   735 | Счет:   0 | Ср.счет(100):   0.00 | Макс:   0 | Epsilon: 0.0127 | Награда:  1414.80 | Ср.награда(100):   636.79 | Шаги:  161
Эп   736 | Счет:   0 | Ср.счет(100):   0.00 | Макс:   0 | Epsilon: 0.0126 | Награда:   991.20 | Ср.награда(100):   645.53 | Шаги:  130
Эп   737 | Счет:   0 | Ср.счет(100):   0.00 | Макс:   0 | Epsilon: 0.0123 | Награда:  1675.00 | Ср.награда(100):   642.48 | Шаги:  177
Эп   738 | Счет:   0 | Ср.счет(100):   0.00 | Макс:   0 | Epsilon: 0.0123 | Награда:   113.60 | Ср.награда(100):   637.54 | Шаги:   60
Эп   739 | Счет:   0 | Ср.счет(100):   0.00 | Макс:   0 | Epsilon: 0.0120 | Награда:  1810.60 | Ср.награда(100):   654.25 | Шаги:  176
Эп   740 | Счет:   0 | Ср.счет(100):   0.00 | Макс:   0 | Epsilon: 0.0117 | Награда:  2610.60 | Ср.награда(100):   664.71 | Шаги:  249
Эп   741 | Счет:   0 | Ср.счет(100):   0.00 | Макс:   0 | Epsilon: 0.0116 | Награда:  1222.40 | Ср.награда(100):   676.76 | Шаги:  142
Эп   742 | Счет:   0 | Ср.счет(100):   0.00 | Макс:   0 | Epsilon: 0.0114 | Награда:  1707.40 | Ср.награда(100):   690.01 | Шаги:  198
Эп   743 | Счет:   0 | Ср.счет(100):   0.00 | Макс:   0 | Epsilon: 0.0112 | Награда:  1307.00 | Ср.награда(100):   686.51 | Шаги:  139
Эп   744 | Счет:   0 | Ср.счет(100):   0.00 | Макс:   0 | Epsilon: 0.0111 | Награда:  1094.80 | Ср.награда(100):   686.98 | Шаги:  132
Эп   745 | Счет:   0 | Ср.счет(100):   0.00 | Макс:   0 | Epsilon: 0.0110 | Награда:    58.60 | Ср.награда(100):   677.64 | Шаги:   58
Эп   746 | Счет:   0 | Ср.счет(100):   0.00 | Макс:   0 | Epsilon: 0.0109 | Награда:   951.00 | Ср.награда(100):   678.80 | Шаги:  125
Эп   747 | Счет:   0 | Ср.счет(100):   0.00 | Макс:   0 | Epsilon: 0.0104 | Награда:  4834.40 | Ср.награда(100):   699.38 | Шаги:  437
Эп   748 | Счет:   0 | Ср.счет(100):   0.00 | Макс:   0 | Epsilon: 0.0102 | Награда:  2064.60 | Ср.награда(100):   703.19 | Шаги:  204
Эп   749 | Счет:   0 | Ср.счет(100):   0.00 | Макс:   0 | Epsilon: 0.0101 | Награда:   380.80 | Ср.награда(100):   703.18 | Шаги:   66
Эп   750 | Счет:   0 | Ср.счет(100):   0.00 | Макс:   0 | Epsilon: 0.0100 | Награда:   500.40 | Ср.награда(100):   701.71 | Шаги:   87
Эп   751 | Счет:   0 | Ср.счет(100):   0.00 | Макс:   0 | Epsilon: 0.0099 | Награда:   984.40 | Ср.награда(100):   700.75 | Шаги:  131
Эп   752 | Счет:   0 | Ср.счет(100):   0.00 | Макс:   0 | Epsilon: 0.0095 | Награда:  3773.20 | Ср.награда(100):   731.68 | Шаги:  364
Эп   753 | Счет:   0 | Ср.счет(100):   0.00 | Макс:   0 | Epsilon: 0.0094 | Награда:  1557.80 | Ср.награда(100):   743.65 | Шаги:  163
Эп   754 | Счет:   0 | Ср.счет(100):   0.00 | Макс:   0 | Epsilon: 0.0092 | Награда:  1662.20 | Ср.награда(100):   751.94 | Шаги:  172
Эп   755 | Счет:   0 | Ср.счет(100):   0.00 | Макс:   0 | Epsilon: 0.0089 | Награда:  4091.00 | Ср.награда(100):   789.29 | Шаги:  363
Эп   756 | Счет:   0 | Ср.счет(100):   0.00 | Макс:   0 | Epsilon: 0.0088 | Награда:   748.40 | Ср.награда(100):   797.59 | Шаги:   99
Эп   757 | Счет:   0 | Ср.счет(100):   0.00 | Макс:   0 | Epsilon: 0.0088 | Награда:   292.20 | Ср.награда(100):   801.33 | Шаги:   62
Эп   758 | Счет:   0 | Ср.счет(100):   0.00 | Макс:   0 | Epsilon: 0.0086 | Награда:  1280.60 | Ср.награда(100):   814.96 | Шаги:  138
Эп   759 | Счет:   0 | Ср.счет(100):   0.00 | Макс:   0 | Epsilon: 0.0086 | Награда:   120.80 | Ср.награда(100):   804.59 | Шаги:   55
Эп   760 | Счет:   0 | Ср.счет(100):   0.00 | Макс:   0 | Epsilon: 0.0084 | Награда:  1431.80 | Ср.награда(100):   819.73 | Шаги:  167
Эп   761 | Счет:   0 | Ср.счет(100):   0.00 | Макс:   0 | Epsilon: 0.0084 | Награда:   542.00 | Ср.награда(100):   825.97 | Шаги:   88
Эп   762 | Счет:   0 | Ср.счет(100):   0.00 | Макс:   0 | Epsilon: 0.0083 | Награда:  1343.40 | Ср.награда(100):   840.23 | Шаги:  144
Эп   763 | Счет:   0 | Ср.счет(100):   0.00 | Макс:   0 | Epsilon: 0.0079 | Награда:  5006.00 | Ср.награда(100):   891.11 | Шаги:  464
Эп   764 | Счет:   0 | Ср.счет(100):   0.00 | Макс:   0 | Epsilon: 0.0075 | Награда:  4711.00 | Ср.награда(100):   939.04 | Шаги:  439
Эп   765 | Счет:   0 | Ср.счет(100):   0.00 | Макс:   0 | Epsilon: 0.0075 | Награда:    62.80 | Ср.награда(100):   936.01 | Шаги:   52
Эп   766 | Счет:   0 | Ср.счет(100):   0.00 | Макс:   0 | Epsilon: 0.0074 | Награда:   894.60 | Ср.награда(100):   937.16 | Шаги:  105
Эп   767 | Счет:   0 | Ср.счет(100):   0.00 | Макс:   0 | Epsilon: 0.0073 | Награда:  2123.80 | Ср.награда(100):   956.91 | Шаги:  215
Эп   768 | Счет:   0 | Ср.счет(100):   0.00 | Макс:   0 | Epsilon: 0.0071 | Награда:  1998.40 | Ср.награда(100):   963.46 | Шаги:  199
Эп   769 | Счет:   0 | Ср.счет(100):   0.00 | Макс:   0 | Epsilon: 0.0070 | Награда:  1783.00 | Ср.награда(100):   973.98 | Шаги:  177
Эп   770 | Счет:   0 | Ср.счет(100):   0.00 | Макс:   0 | Epsilon: 0.0068 | Награда:  2648.00 | Ср.награда(100):   998.88 | Шаги:  253
Эп   771 | Счет:   0 | Ср.счет(100):   0.00 | Макс:   0 | Epsilon: 0.0068 | Награда:   119.40 | Ср.награда(100):   984.02 | Шаги:   57
Эп   772 | Счет:   0 | Ср.счет(100):   0.00 | Макс:   0 | Epsilon: 0.0068 | Награда:   -82.00 | Ср.награда(100):   979.13 | Шаги:   19
Эп   773 | Счет:   0 | Ср.счет(100):   0.00 | Макс:   0 | Epsilon: 0.0066 | Награда:  2471.40 | Ср.награда(100):  1002.69 | Шаги:  248
Эп   774 | Счет:   0 | Ср.счет(100):   0.00 | Макс:   0 | Epsilon: 0.0065 | Награда:   576.40 | Ср.награда(100):  1007.09 | Шаги:   94
Эп   775 | Счет:   0 | Ср.счет(100):   0.00 | Макс:   0 | Epsilon: 0.0065 | Награда:   773.00 | Ср.награда(100):  1015.64 | Шаги:  101
Эп   776 | Счет:   0 | Ср.счет(100):   0.00 | Макс:   0 | Epsilon: 0.0065 | Награда:   -82.00 | Ср.награда(100):  1012.33 | Шаги:   19
Эп   777 | Счет:   0 | Ср.счет(100):   0.00 | Макс:   0 | Epsilon: 0.0065 | Награда:   -82.00 | Ср.награда(100):  1007.81 | Шаги:   19
Эп   778 | Счет:   0 | Ср.счет(100):   0.00 | Макс:   0 | Epsilon: 0.0063 | Награда:  2310.40 | Ср.награда(100):  1022.27 | Шаги:  214
Эп   779 | Счет:   0 | Ср.счет(100):   0.00 | Макс:   0 | Epsilon: 0.0063 | Награда:   120.00 | Ср.награда(100):  1019.54 | Шаги:   58
Эп   780 | Счет:   0 | Ср.счет(100):   0.00 | Макс:   0 | Epsilon: 0.0063 | Награда:   -82.00 | Ср.награда(100):  1015.09 | Шаги:   19
Эп   781 | Счет:   0 | Ср.счет(100):   0.00 | Макс:   0 | Epsilon: 0.0063 | Награда:   -82.00 | Ср.награда(100):  1012.61 | Шаги:   19
Эп   782 | Счет:   0 | Ср.счет(100):   0.00 | Макс:   0 | Epsilon: 0.0062 | Награда:   -82.00 | Ср.награда(100):  1006.60 | Шаги:   19
Эп   783 | Счет:   0 | Ср.счет(100):   0.00 | Макс:   0 | Epsilon: 0.0062 | Награда:   -82.00 | Ср.награда(100):  1004.27 | Шаги:   19
Эп   784 | Счет:   0 | Ср.счет(100):   0.00 | Макс:   0 | Epsilon: 0.0062 | Награда:   -82.00 | Ср.награда(100):   991.94 | Шаги:   19
Эп   785 | Счет:   0 | Ср.счет(100):   0.00 | Макс:   0 | Epsilon: 0.0062 | Награда:   -82.00 | Ср.награда(100):   987.43 | Шаги:   19
Эп   786 | Счет:   0 | Ср.счет(100):   0.00 | Макс:   0 | Epsilon: 0.0062 | Награда:   -82.00 | Ср.награда(100):   982.96 | Шаги:   19
Эп   787 | Счет:   0 | Ср.счет(100):   0.00 | Макс:   0 | Epsilon: 0.0062 | Награда:   -82.00 | Ср.награда(100):   981.00 | Шаги:   19
Эп   788 | Счет:   0 | Ср.счет(100):   0.00 | Макс:   0 | Epsilon: 0.0059 | Награда:  6491.60 | Ср.награда(100):  1044.35 | Шаги:  547
Эп   789 | Счет:   0 | Ср.счет(100):   0.00 | Макс:   0 | Epsilon: 0.0058 | Награда:  1046.60 | Ср.награда(100):  1051.46 | Шаги:  128
Эп   790 | Счет:   0 | Ср.счет(100):   0.00 | Макс:   0 | Epsilon: 0.0058 | Награда:   -82.00 | Ср.награда(100):  1050.34 | Шаги:   19
Эп   791 | Счет:   0 | Ср.счет(100):   0.00 | Макс:   0 | Epsilon: 0.0058 | Награда:   -82.00 | Ср.награда(100):  1050.34 | Шаги:   19
Эп   792 | Счет:   0 | Ср.счет(100):   0.00 | Макс:   0 | Epsilon: 0.0057 | Награда:   -82.00 | Ср.награда(100):  1050.34 | Шаги:   19
Эп   793 | Счет:   0 | Ср.счет(100):   0.00 | Макс:   0 | Epsilon: 0.0057 | Награда:   -82.00 | Ср.награда(100):  1041.39 | Шаги:   19
Эп   794 | Счет:   0 | Ср.счет(100):   0.00 | Макс:   0 | Epsilon: 0.0057 | Награда:   -82.00 | Ср.награда(100):  1037.50 | Шаги:   19
Эп   795 | Счет:   0 | Ср.счет(100):   0.00 | Макс:   0 | Epsilon: 0.0057 | Награда:   -82.00 | Ср.награда(100):  1033.88 | Шаги:   19
Эп   796 | Счет:   0 | Ср.счет(100):   0.00 | Макс:   0 | Epsilon: 0.0057 | Награда:   117.40 | Ср.награда(100):  1031.43 | Шаги:   57
Эп   797 | Счет:   0 | Ср.счет(100):   0.00 | Макс:   0 | Epsilon: 0.0057 | Награда:   -82.00 | Ср.награда(100):  1005.54 | Шаги:   19
Эп   798 | Счет:   0 | Ср.счет(100):   0.00 | Макс:   0 | Epsilon: 0.0057 | Награда:   -82.00 | Ср.награда(100):  1001.26 | Шаги:   19
Эп   799 | Счет:   0 | Ср.счет(100):   0.00 | Макс:   0 | Epsilon: 0.0056 | Награда:   -82.00 | Ср.награда(100):   991.05 | Шаги:   19
Эп   800 | Счет:   0 | Ср.счет(100):   0.00 | Макс:   0 | Epsilon: 0.0056 | Награда:   -82.00 | Ср.награда(100):   989.74 | Шаги:   19
Эп   801 | Счет:   0 | Ср.счет(100):   0.00 | Макс:   0 | Epsilon: 0.0056 | Награда:   -82.00 | Ср.награда(100):   989.74 | Шаги:   19
Эп   802 | Счет:   0 | Ср.счет(100):   0.00 | Макс:   0 | Epsilon: 0.0056 | Награда:   -82.00 | Ср.награда(100):   988.41 | Шаги:   19
Эп   803 | Счет:   0 | Ср.счет(100):   0.00 | Макс:   0 | Epsilon: 0.0056 | Награда:   -82.00 | Ср.награда(100):   977.11 | Шаги:   19
Эп   804 | Счет:   0 | Ср.счет(100):   0.00 | Макс:   0 | Epsilon: 0.0055 | Награда:  2301.60 | Ср.награда(100):   998.86 | Шаги:  217
Эп   805 | Счет:   0 | Ср.счет(100):   0.00 | Макс:   0 | Epsilon: 0.0054 | Награда:  2621.80 | Ср.награда(100):  1016.13 | Шаги:  250
Эп   806 | Счет:   0 | Ср.счет(100):   0.00 | Макс:   0 | Epsilon: 0.0053 | Награда:   544.60 | Ср.награда(100):  1014.42 | Шаги:   91
Эп   807 | Счет:   0 | Ср.счет(100):   0.00 | Макс:   0 | Epsilon: 0.0053 | Награда:    53.20 | Ср.награда(100):  1015.77 | Шаги:   56
Эп   808 | Счет:   0 | Ср.счет(100):   0.00 | Макс:   0 | Epsilon: 0.0052 | Награда:   109.80 | Ср.награда(100):  1017.69 | Шаги:   58
Эп   809 | Счет:   0 | Ср.счет(100):   0.00 | Макс:   0 | Epsilon: 0.0052 | Награда:   110.60 | Ср.награда(100):  1017.53 | Шаги:   55
Эп   810 | Счет:   0 | Ср.счет(100):   0.00 | Макс:   0 | Epsilon: 0.0052 | Награда:   113.80 | Ср.награда(100):  1005.72 | Шаги:   57
Эп   811 | Счет:   0 | Ср.счет(100):   0.00 | Макс:   0 | Epsilon: 0.0051 | Награда:  1111.60 | Ср.награда(100):  1013.86 | Шаги:  131
Эп   812 | Счет:   0 | Ср.счет(100):   0.00 | Макс:   0 | Epsilon: 0.0050 | Награда:  3472.00 | Ср.награда(100):  1047.19 | Шаги:  319
Эп   813 | Счет:   0 | Ср.счет(100):   0.00 | Макс:   0 | Epsilon: 0.0048 | Награда:  2950.00 | Ср.награда(100):  1037.91 | Шаги:  278
Эп   814 | Счет:   0 | Ср.счет(100):   0.00 | Макс:   0 | Epsilon: 0.0048 | Награда:   105.60 | Ср.награда(100):  1029.51 | Шаги:   54
Эп   815 | Счет:   0 | Ср.счет(100):   0.00 | Макс:   0 | Epsilon: 0.0048 | Награда:   384.20 | Ср.награда(100):  1034.18 | Шаги:   66
Эп   816 | Счет:   0 | Ср.счет(100):   0.00 | Макс:   0 | Epsilon: 0.0047 | Награда:   128.60 | Ср.награда(100):  1036.05 | Шаги:   57
Эп   817 | Счет:   0 | Ср.счет(100):   0.00 | Макс:   0 | Epsilon: 0.0046 | Награда:  2039.20 | Ср.награда(100):  1050.41 | Шаги:  202
Эп   818 | Счет:   0 | Ср.счет(100):   0.00 | Макс:   0 | Epsilon: 0.0046 | Награда:   313.20 | Ср.награда(100):  1040.07 | Шаги:   63
Эп   819 | Счет:   0 | Ср.счет(100):   0.00 | Макс:   0 | Epsilon: 0.0046 | Награда:   129.60 | Ср.награда(100):  1025.09 | Шаги:   57
Эп   820 | Счет:   0 | Ср.счет(100):   0.00 | Макс:   0 | Epsilon: 0.0046 | Награда:    93.60 | Ср.награда(100):  1017.41 | Шаги:   51
Эп   821 | Счет:   0 | Ср.счет(100):   0.00 | Макс:   0 | Epsilon: 0.0045 | Награда:   605.40 | Ср.награда(100):  1006.25 | Шаги:   94
Эп   822 | Счет:   0 | Ср.счет(100):   0.00 | Макс:   0 | Epsilon: 0.0045 | Награда:  1114.40 | Ср.награда(100):   986.25 | Шаги:  130
Эп   823 | Счет:   0 | Ср.счет(100):   0.00 | Макс:   0 | Epsilon: 0.0044 | Награда:  1674.60 | Ср.награда(100):   955.81 | Шаги:  179
Эп   824 | Счет:   0 | Ср.счет(100):   0.00 | Макс:   0 | Epsilon: 0.0043 | Награда:  1103.40 | Ср.награда(100):   965.85 | Шаги:  133
Эп   825 | Счет:   0 | Ср.счет(100):   0.00 | Макс:   0 | Epsilon: 0.0043 | Награда:   616.60 | Ср.награда(100):   971.42 | Шаги:   92
Эп   826 | Счет:   0 | Ср.счет(100):   0.00 | Макс:   0 | Epsilon: 0.0043 | Награда:   112.80 | Ср.награда(100):   969.42 | Шаги:   54
Эп   827 | Счет:   0 | Ср.счет(100):   0.00 | Макс:   0 | Epsilon: 0.0042 | Награда:   114.00 | Ср.награда(100):   943.30 | Шаги:   54
Эп   828 | Счет:   0 | Ср.счет(100):   0.00 | Макс:   0 | Epsilon: 0.0042 | Награда:   631.80 | Ср.награда(100):   950.44 | Шаги:   93
Эп   829 | Счет:   0 | Ср.счет(100):   0.00 | Макс:   0 | Epsilon: 0.0042 | Награда:   589.20 | Ср.награда(100):   957.15 | Шаги:   89
Эп   830 | Счет:   0 | Ср.счет(100):   0.00 | Макс:   0 | Epsilon: 0.0041 | Награда:  1047.60 | Ср.награда(100):   968.45 | Шаги:  125
Эп   831 | Счет:   0 | Ср.счет(100):   0.00 | Макс:   0 | Epsilon: 0.0040 | Награда:  1487.80 | Ср.награда(100):   984.14 | Шаги:  164
Эп   832 | Счет:   0 | Ср.счет(100):   0.00 | Макс:   0 | Epsilon: 0.0040 | Награда:   427.00 | Ср.награда(100):   989.23 | Шаги:   68
Эп   833 | Счет:   0 | Ср.счет(100):   0.00 | Макс:   0 | Epsilon: 0.0040 | Награда:  1086.20 | Ср.награда(100):   996.66 | Шаги:  134
Эп   834 | Счет:   0 | Ср.счет(100):   0.00 | Макс:   0 | Epsilon: 0.0039 | Награда:   587.20 | Ср.награда(100):   996.32 | Шаги:   89
Эп   835 | Счет:   0 | Ср.счет(100):   0.00 | Макс:   0 | Epsilon: 0.0039 | Награда:   418.00 | Ср.награда(100):   986.35 | Шаги:   67
Эп   836 | Счет:   0 | Ср.счет(100):   0.00 | Макс:   0 | Epsilon: 0.0038 | Награда:  4482.60 | Ср.награда(100):  1021.26 | Шаги:  391
Эп   837 | Счет:   0 | Ср.счет(100):   0.00 | Макс:   0 | Epsilon: 0.0037 | Награда:   407.80 | Ср.награда(100):  1008.59 | Шаги:   69
Эп   838 | Счет:   0 | Ср.счет(100):   0.00 | Макс:   0 | Epsilon: 0.0037 | Награда:   623.00 | Ср.награда(100):  1013.69 | Шаги:   95
Эп   839 | Счет:   0 | Ср.счет(100):   0.00 | Макс:   0 | Epsilon: 0.0037 | Награда:   394.20 | Ср.награда(100):   999.52 | Шаги:   67
Эп   840 | Счет:   0 | Ср.счет(100):   0.00 | Макс:   0 | Epsilon: 0.0036 | Награда:    81.00 | Ср.награда(100):   974.23 | Шаги:   52
Эп   841 | Счет:   0 | Ср.счет(100):   0.00 | Макс:   0 | Epsilon: 0.0036 | Награда:   112.00 | Ср.награда(100):   963.12 | Шаги:   57
Эп   842 | Счет:   0 | Ср.счет(100):   0.00 | Макс:   0 | Epsilon: 0.0036 | Награда:  1068.20 | Ср.награда(100):   956.73 | Шаги:  130
Эп   843 | Счет:   0 | Ср.счет(100):   0.00 | Макс:   0 | Epsilon: 0.0035 | Награда:   904.20 | Ср.награда(100):   952.70 | Шаги:  104
Эп   844 | Счет:   0 | Ср.счет(100):   0.00 | Макс:   0 | Epsilon: 0.0035 | Награда:    73.60 | Ср.награда(100):   942.49 | Шаги:   51
Эп   845 | Счет:   0 | Ср.счет(100):   0.00 | Макс:   0 | Epsilon: 0.0035 | Награда:  1549.00 | Ср.награда(100):   957.39 | Шаги:  171
Эп   846 | Счет:   0 | Ср.счет(100):   0.00 | Макс:   0 | Epsilon: 0.0034 | Награда:   408.00 | Ср.награда(100):   951.96 | Шаги:   66
Эп   847 | Счет:   0 | Ср.счет(100):   0.00 | Макс:   0 | Epsilon: 0.0034 | Награда:   413.00 | Ср.награда(100):   907.75 | Шаги:   65
Эп   848 | Счет:   0 | Ср.счет(100):   0.00 | Макс:   0 | Epsilon: 0.0034 | Награда:   168.60 | Ср.награда(100):   888.79 | Шаги:   59
Эп   849 | Счет:   0 | Ср.счет(100):   0.00 | Макс:   0 | Epsilon: 0.0034 | Награда:   389.60 | Ср.награда(100):   888.88 | Шаги:   63
Эп   850 | Счет:   0 | Ср.счет(100):   0.00 | Макс:   0 | Epsilon: 0.0034 | Награда:   408.40 | Ср.награда(100):   887.96 | Шаги:   67
Эп   851 | Счет:   0 | Ср.счет(100):   0.00 | Макс:   0 | Epsilon: 0.0033 | Награда:  1113.00 | Ср.награда(100):   889.24 | Шаги:  132
Эп   852 | Счет:   0 | Ср.счет(100):   0.00 | Макс:   0 | Epsilon: 0.0033 | Награда:   438.20 | Ср.награда(100):   855.89 | Шаги:   69
Эп   853 | Счет:   0 | Ср.счет(100):   0.00 | Макс:   0 | Epsilon: 0.0033 | Награда:   668.40 | Ср.награда(100):   847.00 | Шаги:   96
Эп   854 | Счет:   0 | Ср.счет(100):   0.00 | Макс:   0 | Epsilon: 0.0032 | Награда:   434.60 | Ср.награда(100):   834.72 | Шаги:   70
Эп   855 | Счет:   0 | Ср.счет(100):   0.00 | Макс:   0 | Epsilon: 0.0032 | Награда:   921.80 | Ср.награда(100):   803.03 | Шаги:  103
Эп   856 | Счет:   0 | Ср.счет(100):   0.00 | Макс:   0 | Epsilon: 0.0032 | Награда:   913.80 | Ср.награда(100):   804.69 | Шаги:  104
Эп   857 | Счет:   0 | Ср.счет(100):   0.00 | Макс:   0 | Epsilon: 0.0032 | Награда:   107.80 | Ср.награда(100):   802.84 | Шаги:   53
Эп   858 | Счет:   0 | Ср.счет(100):   0.00 | Макс:   0 | Epsilon: 0.0031 | Награда:   335.60 | Ср.награда(100):   793.39 | Шаги:   68
Эп   859 | Счет:   0 | Ср.счет(100):   0.00 | Макс:   0 | Epsilon: 0.0031 | Награда:   190.20 | Ср.награда(100):   794.09 | Шаги:   61
Эп   860 | Счет:   0 | Ср.счет(100):   0.00 | Макс:   0 | Epsilon: 0.0031 | Награда:   421.40 | Ср.награда(100):   783.98 | Шаги:   66
Эп   861 | Счет:   0 | Ср.счет(100):   0.00 | Макс:   0 | Epsilon: 0.0031 | Награда:   439.80 | Ср.награда(100):   782.96 | Шаги:   70
Эп   862 | Счет:   0 | Ср.счет(100):   0.00 | Макс:   0 | Epsilon: 0.0030 | Награда:   434.60 | Ср.награда(100):   773.87 | Шаги:   70
Эп   863 | Счет:   0 | Ср.счет(100):   0.00 | Макс:   0 | Epsilon: 0.0030 | Награда:  2313.00 | Ср.награда(100):   746.94 | Шаги:  212
Эп   864 | Счет:   0 | Ср.счет(100):   0.00 | Макс:   0 | Epsilon: 0.0030 | Награда:   147.60 | Ср.награда(100):   701.31 | Шаги:   58
Эп   865 | Счет:   0 | Ср.счет(100):   0.00 | Макс:   0 | Epsilon: 0.0029 | Награда:   421.20 | Ср.награда(100):   704.89 | Шаги:   67
Эп   866 | Счет:   0 | Ср.счет(100):   0.00 | Макс:   0 | Epsilon: 0.0029 | Награда:  1094.80 | Ср.награда(100):   706.89 | Шаги:  128
Эп   867 | Счет:   0 | Ср.счет(100):   0.00 | Макс:   0 | Epsilon: 0.0029 | Награда:  1360.40 | Ср.награда(100):   699.26 | Шаги:  136
Эп   868 | Счет:   0 | Ср.счет(100):   0.00 | Макс:   0 | Epsilon: 0.0028 | Награда:   874.00 | Ср.награда(100):   688.02 | Шаги:  105
Эп   869 | Счет:   0 | Ср.счет(100):   0.00 | Макс:   0 | Epsilon: 0.0028 | Награда:   422.40 | Ср.награда(100):   674.41 | Шаги:   68
Эп   870 | Счет:   0 | Ср.счет(100):   0.00 | Макс:   0 | Epsilon: 0.0028 | Награда:    96.40 | Ср.награда(100):   648.89 | Шаги:   54
Эп   871 | Счет:   0 | Ср.счет(100):   0.00 | Макс:   0 | Epsilon: 0.0028 | Награда:   546.20 | Ср.награда(100):   653.16 | Шаги:   89
Эп   872 | Счет:   0 | Ср.счет(100):   0.00 | Макс:   0 | Epsilon: 0.0027 | Награда:  5163.00 | Ср.награда(100):   705.61 | Шаги:  475
Эп   873 | Счет:   0 | Ср.счет(100):   0.00 | Макс:   0 | Epsilon: 0.0026 | Награда:  1328.60 | Ср.награда(100):   694.18 | Шаги:  140
Эп   874 | Счет:   0 | Ср.счет(100):   0.00 | Макс:   0 | Epsilon: 0.0026 | Награда:  1524.60 | Ср.награда(100):   703.67 | Шаги:  163
Эп   875 | Счет:   0 | Ср.счет(100):   0.00 | Макс:   0 | Epsilon: 0.0025 | Награда:  1380.60 | Ср.награда(100):   709.74 | Шаги:  140
Эп   876 | Счет:   0 | Ср.счет(100):   0.00 | Макс:   0 | Epsilon: 0.0025 | Награда:    44.60 | Ср.награда(100):   711.01 | Шаги:   51
Эп   877 | Счет:   0 | Ср.счет(100):   0.00 | Макс:   0 | Epsilon: 0.0025 | Награда:   535.00 | Ср.награда(100):   717.18 | Шаги:   89
Эп   878 | Счет:   0 | Ср.счет(100):   0.00 | Макс:   0 | Epsilon: 0.0025 | Награда:  1107.00 | Ср.награда(100):   705.14 | Шаги:  130
Эп   879 | Счет:   0 | Ср.счет(100):   0.00 | Макс:   0 | Epsilon: 0.0025 | Награда:   411.60 | Ср.награда(100):   708.06 | Шаги:   67
Эп   880 | Счет:   0 | Ср.счет(100):   0.00 | Макс:   0 | Epsilon: 0.0024 | Награда:    43.80 | Ср.награда(100):   709.32 | Шаги:   50
Эп   881 | Счет:   0 | Ср.счет(100):   0.00 | Макс:   0 | Epsilon: 0.0024 | Награда:   890.60 | Ср.награда(100):   719.04 | Шаги:  104
Эп   882 | Счет:   0 | Ср.счет(100):   0.00 | Макс:   0 | Epsilon: 0.0024 | Награда:  2026.60 | Ср.награда(100):   740.13 | Шаги:  203
Эп   883 | Счет:   0 | Ср.счет(100):   0.00 | Макс:   0 | Epsilon: 0.0024 | Награда:   126.80 | Ср.награда(100):   742.22 | Шаги:   57
Эп   884 | Счет:   0 | Ср.счет(100):   0.00 | Макс:   0 | Epsilon: 0.0023 | Награда:  1098.00 | Ср.награда(100):   754.02 | Шаги:  132
Эп   885 | Счет:   0 | Ср.счет(100):   0.00 | Макс:   0 | Epsilon: 0.0023 | Награда:   126.20 | Ср.награда(100):   756.10 | Шаги:   57
Эп   886 | Счет:   0 | Ср.счет(100):   0.00 | Макс:   0 | Epsilon: 0.0023 | Награда:  1085.20 | Ср.награда(100):   767.77 | Шаги:  129
Эп   887 | Счет:   0 | Ср.счет(100):   0.00 | Макс:   0 | Epsilon: 0.0023 | Награда:   788.40 | Ср.награда(100):   776.48 | Шаги:   98
Эп   888 | Счет:   0 | Ср.счет(100):   0.00 | Макс:   0 | Epsilon: 0.0022 | Награда:  1730.80 | Ср.награда(100):   728.87 | Шаги:  177
Эп   889 | Счет:   0 | Ср.счет(100):   0.00 | Макс:   0 | Epsilon: 0.0022 | Награда:    16.00 | Ср.награда(100):   718.56 | Шаги:   54
Эп   890 | Счет:   0 | Ср.счет(100):   0.00 | Макс:   0 | Epsilon: 0.0022 | Награда:   866.40 | Ср.награда(100):   728.05 | Шаги:  105
Эп   891 | Счет:   0 | Ср.счет(100):   0.00 | Макс:   0 | Epsilon: 0.0021 | Награда:  4105.80 | Ср.награда(100):   769.92 | Шаги:  359
Эп   892 | Счет:   0 | Ср.счет(100):   0.00 | Макс:   0 | Epsilon: 0.0021 | Награда:   109.60 | Ср.награда(100):   771.84 | Шаги:   56
Эп   893 | Счет:   0 | Ср.счет(100):   0.00 | Макс:   0 | Epsilon: 0.0020 | Награда:  2920.00 | Ср.награда(100):   801.86 | Шаги:  277
Эп   894 | Счет:   0 | Ср.счет(100):   0.00 | Макс:   0 | Epsilon: 0.0020 | Награда:    91.20 | Ср.награда(100):   803.59 | Шаги:   53
Эп   895 | Счет:   0 | Ср.счет(100):   0.00 | Макс:   0 | Epsilon: 0.0020 | Награда:  1439.20 | Ср.награда(100):   818.80 | Шаги:  160
Эп   896 | Счет:   0 | Ср.счет(100):   0.00 | Макс:   0 | Epsilon: 0.0020 | Награда:   832.40 | Ср.награда(100):   825.95 | Шаги:   99
Эп   897 | Счет:   0 | Ср.счет(100):   0.00 | Макс:   0 | Epsilon: 0.0019 | Награда:  1056.60 | Ср.награда(100):   837.34 | Шаги:  132
Эп   898 | Счет:   0 | Ср.счет(100):   0.00 | Макс:   0 | Epsilon: 0.0019 | Награда:   -82.00 | Ср.награда(100):   837.34 | Шаги:   19
Эп   899 | Счет:   0 | Ср.счет(100):   0.00 | Макс:   0 | Epsilon: 0.0019 | Награда:   659.40 | Ср.награда(100):   844.75 | Шаги:  105
Эп   900 | Счет:   0 | Ср.счет(100):   0.00 | Макс:   0 | Epsilon: 0.0019 | Награда:   -82.00 | Ср.награда(100):   844.75 | Шаги:   19
Эп   901 | Счет:   0 | Ср.счет(100):   0.00 | Макс:   0 | Epsilon: 0.0019 | Награда:   -82.00 | Ср.награда(100):   844.75 | Шаги:   19
Эп   902 | Счет:   0 | Ср.счет(100):   0.00 | Макс:   0 | Epsilon: 0.0019 | Награда:  1287.20 | Ср.награда(100):   858.45 | Шаги:  143
Эп   903 | Счет:   0 | Ср.счет(100):   0.00 | Макс:   0 | Epsilon: 0.0018 | Награда:  5112.00 | Ср.награда(100):   910.39 | Шаги:  495
Эп   904 | Счет:   0 | Ср.счет(100):   0.00 | Макс:   0 | Epsilon: 0.0018 | Награда:  1027.40 | Ср.награда(100):   897.64 | Шаги:  128
Эп   905 | Счет:   0 | Ср.счет(100):   0.00 | Макс:   0 | Epsilon: 0.0017 | Награда:  7970.80 | Ср.награда(100):   951.13 | Шаги:  656
Эп   906 | Счет:   0 | Ср.счет(100):   0.00 | Макс:   0 | Epsilon: 0.0016 | Награда:  5427.20 | Ср.награда(100):   999.96 | Шаги:  474
Эп   907 | Счет:   0 | Ср.счет(100):   0.00 | Макс:   0 | Epsilon: 0.0016 | Награда:   364.80 | Ср.награда(100):  1003.08 | Шаги:   66
Эп   908 | Счет:   0 | Ср.счет(100):   0.00 | Макс:   0 | Epsilon: 0.0016 | Награда:    92.20 | Ср.награда(100):  1002.90 | Шаги:   57
Эп   909 | Счет:   0 | Ср.счет(100):   0.00 | Макс:   0 | Epsilon: 0.0016 | Награда:   399.60 | Ср.награда(100):  1005.79 | Шаги:   68
Эп   910 | Счет:   0 | Ср.счет(100):   0.00 | Макс:   0 | Epsilon: 0.0015 | Награда:   422.40 | Ср.награда(100):  1008.88 | Шаги:   68
Эп   911 | Счет:   0 | Ср.счет(100):   0.00 | Макс:   0 | Epsilon: 0.0015 | Награда:  2689.20 | Ср.награда(100):  1024.65 | Шаги:  248
Эп   912 | Счет:   0 | Ср.счет(100):   0.00 | Макс:   0 | Epsilon: 0.0014 | Награда:  4505.40 | Ср.награда(100):  1034.99 | Шаги:  391
Эп   913 | Счет:   0 | Ср.счет(100):   0.00 | Макс:   0 | Epsilon: 0.0014 | Награда:  1086.20 | Ср.награда(100):  1016.35 | Шаги:  129
Эп   914 | Счет:   0 | Ср.счет(100):   0.00 | Макс:   0 | Epsilon: 0.0014 | Награда:   422.00 | Ср.награда(100):  1019.51 | Шаги:   70
Эп   915 | Счет:   0 | Ср.счет(100):   0.00 | Макс:   0 | Epsilon: 0.0014 | Награда:  2988.80 | Ср.награда(100):  1045.56 | Шаги:  278
Эп   916 | Счет:   0 | Ср.счет(100):   0.00 | Макс:   0 | Epsilon: 0.0014 | Награда:   880.60 | Ср.награда(100):  1053.08 | Шаги:  102
Эп   917 | Счет:   0 | Ср.счет(100):   0.00 | Макс:   0 | Epsilon: 0.0013 | Награда:  1316.40 | Ср.награда(100):  1045.85 | Шаги:  141
Эп   918 | Счет:   0 | Ср.счет(100):   0.00 | Макс:   0 | Epsilon: 0.0013 | Награда:   146.80 | Ср.награда(100):  1044.19 | Шаги:   61
Эп   919 | Счет:   0 | Ср.счет(100):   0.00 | Макс:   0 | Epsilon: 0.0013 | Награда:   131.20 | Ср.награда(100):  1044.20 | Шаги:   58
Эп   920 | Счет:   0 | Ср.счет(100):   0.00 | Макс:   0 | Epsilon: 0.0013 | Награда:   553.20 | Ср.награда(100):  1048.80 | Шаги:   89
Эп   921 | Счет:   0 | Ср.счет(100):   0.00 | Макс:   0 | Epsilon: 0.0013 | Награда:   899.00 | Ср.награда(100):  1051.73 | Шаги:  105
Эп   922 | Счет:   0 | Ср.счет(100):   0.00 | Макс:   0 | Epsilon: 0.0013 | Награда:  1380.00 | Ср.награда(100):  1054.39 | Шаги:  142
Эп   923 | Счет:   0 | Ср.счет(100):   0.00 | Макс:   0 | Epsilon: 0.0013 | Награда:  1810.40 | Ср.награда(100):  1055.75 | Шаги:  179
Эп   924 | Счет:   0 | Ср.счет(100):   0.00 | Макс:   0 | Epsilon: 0.0013 | Награда:   429.00 | Ср.награда(100):  1049.00 | Шаги:   70
Эп   925 | Счет:   0 | Ср.счет(100):   0.00 | Макс:   0 | Epsilon: 0.0012 | Награда:  2591.00 | Ср.награда(100):  1068.75 | Шаги:  252
Эп   926 | Счет:   0 | Ср.счет(100):   0.00 | Макс:   0 | Epsilon: 0.0012 | Награда:  2168.40 | Ср.награда(100):  1089.30 | Шаги:  216
Эп   927 | Счет:   0 | Ср.счет(100):   0.00 | Макс:   0 | Epsilon: 0.0012 | Награда:   902.00 | Ср.награда(100):  1097.18 | Шаги:  106
Эп   928 | Счет:   0 | Ср.счет(100):   0.00 | Макс:   0 | Epsilon: 0.0012 | Награда:   436.40 | Ср.награда(100):  1095.23 | Шаги:   70
Эп   929 | Счет:   0 | Ср.счет(100):   0.00 | Макс:   0 | Epsilon: 0.0011 | Награда:  9115.60 | Ср.награда(100):  1180.49 | Шаги:  769
Эп   930 | Счет:   0 | Ср.счет(100):   0.00 | Макс:   0 | Epsilon: 0.0010 | Награда:  6966.40 | Ср.награда(100):  1239.68 | Шаги:  613
Эп   931 | Счет:   0 | Ср.счет(100):   0.00 | Макс:   0 | Epsilon: 0.0010 | Награда:   150.60 | Ср.награда(100):  1226.31 | Шаги:   61
Эп   932 | Счет:   0 | Ср.счет(100):   0.00 | Макс:   0 | Epsilon: 0.0010 | Награда:  5765.20 | Ср.награда(100):  1279.69 | Шаги:  511
Эп   933 | Счет:   0 | Ср.счет(100):   0.00 | Макс:   0 | Epsilon: 0.0010 | Награда:  1191.40 | Ср.награда(100):  1280.74 | Шаги:  142
Эп   934 | Счет:   0 | Ср.счет(100):   0.00 | Макс:   0 | Epsilon: 0.0010 | Награда: 12057.60 | Ср.награда(100):  1395.45 | Шаги: 1066
Эп   935 | Счет:   0 | Ср.счет(100):   0.00 | Макс:   0 | Epsilon: 0.0010 | Награда:  2540.60 | Ср.награда(100):  1416.67 | Шаги:  251
Эп   936 | Счет:   0 | Ср.счет(100):   0.00 | Макс:   0 | Epsilon: 0.0010 | Награда:   418.60 | Ср.награда(100):  1376.03 | Шаги:   69
Эп   937 | Счет:   0 | Ср.счет(100):   0.00 | Макс:   0 | Epsilon: 0.0010 | Награда: 15133.60 | Ср.награда(100):  1523.29 | Шаги: 1251
Эп   938 | Счет:   0 | Ср.счет(100):   0.00 | Макс:   0 | Epsilon: 0.0010 | Награда: 19440.60 | Ср.награда(100):  1711.47 | Шаги: 1621
Эп   939 | Счет:   0 | Ср.счет(100):   0.00 | Макс:   0 | Epsilon: 0.0010 | Награда:  3273.60 | Ср.награда(100):  1740.26 | Шаги:  320
Эп   940 | Счет:   0 | Ср.счет(100):   0.00 | Макс:   0 | Epsilon: 0.0010 | Награда:   -82.00 | Ср.награда(100):  1738.63 | Шаги:   19
Эп   941 | Счет:   0 | Ср.счет(100):   0.00 | Макс:   0 | Epsilon: 0.0010 | Награда:   -82.00 | Ср.награда(100):  1736.69 | Шаги:   19
Эп   942 | Счет:   0 | Ср.счет(100):   0.00 | Макс:   0 | Epsilon: 0.0010 | Награда: 12224.80 | Ср.награда(100):  1848.26 | Шаги: 1066
Эп   943 | Счет:   0 | Ср.счет(100):   0.00 | Макс:   0 | Epsilon: 0.0010 | Награда:  6202.60 | Ср.награда(100):  1901.24 | Шаги:  549
Эп   944 | Счет:   0 | Ср.счет(100):   0.00 | Макс:   0 | Epsilon: 0.0010 | Награда: 13071.80 | Ср.награда(100):  2031.22 | Шаги: 1103
Эп   945 | Счет:   0 | Ср.счет(100):   0.00 | Макс:   0 | Epsilon: 0.0010 | Награда:  8992.60 | Ср.награда(100):  2105.66 | Шаги:  770
Эп   946 | Счет:   0 | Ср.счет(100):   0.00 | Макс:   0 | Epsilon: 0.0010 | Награда:  2010.80 | Ср.награда(100):  2121.69 | Шаги:  215
Эп   947 | Счет:   0 | Ср.счет(100):   0.00 | Макс:   0 | Epsilon: 0.0010 | Награда: 11629.60 | Ср.награда(100):  2233.85 | Шаги:  992
Эп   948 | Счет:   0 | Ср.счет(100):   0.00 | Макс:   0 | Epsilon: 0.0010 | Награда:  3477.40 | Ср.награда(100):  2266.94 | Шаги:  326
Эп   949 | Счет:   0 | Ср.счет(100):   0.00 | Макс:   0 | Epsilon: 0.0010 | Награда:  7945.00 | Ср.награда(100):  2342.50 | Шаги:  697
Эп   950 | Счет:   0 | Ср.счет(100):   0.00 | Макс:   0 | Epsilon: 0.0010 | Награда:  6955.40 | Ср.награда(100):  2407.97 | Шаги:  605
Эп   951 | Счет:   0 | Ср.счет(100):   0.00 | Макс:   0 | Epsilon: 0.0010 | Награда:   900.20 | Ср.награда(100):  2405.84 | Шаги:  105
Эп   952 | Счет:   0 | Ср.счет(100):   0.00 | Макс:   0 | Epsilon: 0.0010 | Награда:  8511.80 | Ср.награда(100):  2486.57 | Шаги:  734
Эп   953 | Счет:   0 | Ср.счет(100):   0.00 | Макс:   0 | Epsilon: 0.0010 | Награда:  4687.60 | Ср.награда(100):  2526.77 | Шаги:  440
Эп   954 | Счет:   0 | Ср.счет(100):   0.00 | Макс:   0 | Epsilon: 0.0010 | Награда:  -200.00 | Ср.награда(100):  2520.42 | Шаги:   50
Эп   955 | Счет:   0 | Ср.счет(100):   0.00 | Макс:   0 | Epsilon: 0.0010 | Награда: 12344.60 | Ср.награда(100):  2634.65 | Шаги: 1029
Эп   956 | Счет:   0 | Ср.счет(100):   0.00 | Макс:   0 | Epsilon: 0.0010 | Награда:  4791.00 | Ср.награда(100):  2673.42 | Шаги:  430
Эп   957 | Счет:   0 | Ср.счет(100):   0.00 | Макс:   0 | Epsilon: 0.0010 | Награда:   855.60 | Ср.награда(100):  2680.90 | Шаги:  105
Эп   958 | Счет:   0 | Ср.счет(100):   0.00 | Макс:   0 | Epsilon: 0.0010 | Награда:  7108.60 | Ср.награда(100):  2748.63 | Шаги:  618
Эп   959 | Счет:   0 | Ср.счет(100):   0.00 | Макс:   0 | Epsilon: 0.0010 | Награда:  4483.20 | Ср.награда(100):  2791.56 | Шаги:  401
Эп   960 | Счет:   0 | Ср.счет(100):   0.00 | Макс:   0 | Epsilon: 0.0010 | Награда:  5345.20 | Ср.награда(100):  2840.80 | Шаги:  473
Эп   961 | Счет:   0 | Ср.счет(100):   0.00 | Макс:   0 | Epsilon: 0.0010 | Награда:  1861.40 | Ср.награда(100):  2855.01 | Шаги:  198
Эп   962 | Счет:   0 | Ср.счет(100):   0.00 | Макс:   0 | Epsilon: 0.0010 | Награда:  1339.00 | Ср.награда(100):  2864.06 | Шаги:  138
Эп   963 | Счет:   0 | Ср.счет(100):   0.00 | Макс:   0 | Epsilon: 0.0010 | Награда:  7396.20 | Ср.награда(100):  2914.89 | Шаги:  660
Эп   964 | Счет:   0 | Ср.счет(100):   0.00 | Макс:   0 | Epsilon: 0.0010 | Награда:  3832.20 | Ср.награда(100):  2951.73 | Шаги:  361
Эп   965 | Счет:   0 | Ср.счет(100):   0.00 | Макс:   0 | Epsilon: 0.0010 | Награда:  9718.60 | Ср.награда(100):  3044.71 | Шаги:  845
Эп   966 | Счет:   0 | Ср.счет(100):   0.00 | Макс:   0 | Epsilon: 0.0010 | Награда: 10984.00 | Ср.награда(100):  3143.60 | Шаги:  956
Эп   967 | Счет:   0 | Ср.счет(100):   0.00 | Макс:   0 | Epsilon: 0.0010 | Награда: 11478.40 | Ср.награда(100):  3244.78 | Шаги:  993
Эп   968 | Счет:   0 | Ср.счет(100):   0.00 | Макс:   0 | Epsilon: 0.0010 | Награда:  4003.00 | Ср.награда(100):  3276.07 | Шаги:  361
Эп   969 | Счет:   0 | Ср.счет(100):   0.00 | Макс:   0 | Epsilon: 0.0010 | Награда:  8566.00 | Ср.награда(100):  3357.51 | Шаги:  771
Эп   970 | Счет:   0 | Ср.счет(100):   0.00 | Макс:   0 | Epsilon: 0.0010 | Награда:  1732.60 | Ср.награда(100):  3373.87 | Шаги:  178
Эп   971 | Счет:   0 | Ср.счет(100):   0.00 | Макс:   0 | Epsilon: 0.0010 | Награда:  9246.40 | Ср.награда(100):  3460.87 | Шаги:  809
Эп   972 | Счет:   0 | Ср.счет(100):   0.00 | Макс:   0 | Epsilon: 0.0010 | Награда:  4295.00 | Ср.награда(100):  3452.19 | Шаги:  420
Эп   973 | Счет:   0 | Ср.счет(100):   0.00 | Макс:   0 | Epsilon: 0.0010 | Награда:  1670.80 | Ср.награда(100):  3455.61 | Шаги:  177
Эп   974 | Счет:   0 | Ср.счет(100):   0.00 | Макс:   0 | Epsilon: 0.0010 | Награда:  7472.80 | Ср.награда(100):  3515.09 | Шаги:  677
Эп   975 | Счет:   0 | Ср.счет(100):   0.00 | Макс:   0 | Epsilon: 0.0010 | Награда:  3488.80 | Ср.награда(100):  3536.18 | Шаги:  325
Эп   976 | Счет:   0 | Ср.счет(100):   0.00 | Макс:   0 | Epsilon: 0.0010 | Награда:  2563.00 | Ср.награда(100):  3561.36 | Шаги:  252
Эп   977 | Счет:   0 | Ср.счет(100):   0.00 | Макс:   0 | Epsilon: 0.0010 | Награда:  6171.40 | Ср.награда(100):  3617.72 | Шаги:  549
Эп   978 | Счет:   0 | Ср.счет(100):   0.00 | Макс:   0 | Epsilon: 0.0010 | Награда:  6855.20 | Ср.награда(100):  3675.21 | Шаги:  623
Эп   979 | Счет:   0 | Ср.счет(100):   0.00 | Макс:   0 | Epsilon: 0.0010 | Награда: 20114.40 | Ср.награда(100):  3872.23 | Шаги: 1732
Эп   980 | Счет:   0 | Ср.счет(100):   0.00 | Макс:   0 | Epsilon: 0.0010 | Награда: 13847.40 | Ср.награда(100):  4010.27 | Шаги: 1214
Эп   981 | Счет:   0 | Ср.счет(100):   0.00 | Макс:   0 | Epsilon: 0.0010 | Награда:  2314.20 | Ср.награда(100):  4024.51 | Шаги:  254
Эп   982 | Счет:   0 | Ср.счет(100):   0.00 | Макс:   0 | Epsilon: 0.0010 | Награда:  5031.60 | Ср.награда(100):  4054.56 | Шаги:  476
Эп   983 | Счет:   0 | Ср.счет(100):   0.00 | Макс:   0 | Epsilon: 0.0010 | Награда:  1686.20 | Ср.награда(100):  4070.15 | Шаги:  179
Эп   984 | Счет:   0 | Ср.счет(100):   0.00 | Макс:   0 | Epsilon: 0.0010 | Награда:  5076.40 | Ср.награда(100):  4109.93 | Шаги:  475
Эп   985 | Счет:   0 | Ср.счет(100):   0.00 | Макс:   0 | Epsilon: 0.0010 | Награда:  2600.00 | Ср.награда(100):  4134.67 | Шаги:  277
Эп   986 | Счет:   0 | Ср.счет(100):   0.00 | Макс:   0 | Epsilon: 0.0010 | Награда:  3305.40 | Ср.награда(100):  4156.87 | Шаги:  327
Эп   987 | Счет:   0 | Ср.счет(100):   0.00 | Макс:   0 | Epsilon: 0.0010 | Награда:   784.40 | Ср.награда(100):  4156.83 | Шаги:  105
Эп   988 | Счет:   0 | Ср.счет(100):   0.00 | Макс:   0 | Epsilon: 0.0010 | Награда:  1780.60 | Ср.награда(100):  4157.33 | Шаги:  178
Эп   989 | Счет:   0 | Ср.счет(100):   0.00 | Макс:   0 | Epsilon: 0.0010 | Награда: 11116.20 | Ср.награда(100):  4268.33 | Шаги:  993
Эп   990 | Счет:   0 | Ср.счет(100):   0.00 | Макс:   0 | Epsilon: 0.0010 | Награда:  9509.60 | Ср.награда(100):  4354.77 | Шаги:  884
Эп   991 | Счет:   0 | Ср.счет(100):   0.00 | Макс:   0 | Epsilon: 0.0010 | Награда:  4772.20 | Ср.награда(100):  4361.43 | Шаги:  475
Эп   992 | Счет:   0 | Ср.счет(100):   0.00 | Макс:   0 | Epsilon: 0.0010 | Награда: 16287.20 | Ср.награда(100):  4523.21 | Шаги: 1436
Эп   993 | Счет:   0 | Ср.счет(100):   0.00 | Макс:   0 | Epsilon: 0.0010 | Награда:  2004.40 | Ср.награда(100):  4514.05 | Шаги:  233
Эп   994 | Счет:   0 | Ср.счет(100):   0.00 | Макс:   0 | Epsilon: 0.0010 | Награда:   -82.00 | Ср.награда(100):  4512.32 | Шаги:   19
Эп   995 | Счет:   0 | Ср.счет(100):   0.00 | Макс:   0 | Epsilon: 0.0010 | Награда:  4764.40 | Ср.награда(100):  4545.57 | Шаги:  475
Эп   996 | Счет:   0 | Ср.счет(100):   0.00 | Макс:   0 | Epsilon: 0.0010 | Награда: 17706.60 | Ср.награда(100):  4714.31 | Шаги: 1549
Эп   997 | Счет:   0 | Ср.счет(100):   0.00 | Макс:   0 | Epsilon: 0.0010 | Награда: 15700.60 | Ср.награда(100):  4860.75 | Шаги: 1401
Эп   998 | Счет:   0 | Ср.счет(100):   0.00 | Макс:   0 | Epsilon: 0.0010 | Награда:    72.00 | Ср.награда(100):  4862.29 | Шаги:   54
Эп   999 | Счет:   0 | Ср.счет(100):   0.00 | Макс:   0 | Epsilon: 0.0010 | Награда:  6094.60 | Ср.награда(100):  4916.64 | Шаги:  588
Эп  1000 | Счет:   0 | Ср.счет(100):   0.00 | Макс:   0 | Epsilon: 0.0010 | Награда:  4651.40 | Ср.награда(100):  4963.98 | Шаги:  475
Эп  1001 | Счет:   0 | Ср.счет(100):   0.00 | Макс:   0 | Epsilon: 0.0010 | Награда:   -82.00 | Ср.награда(100):  4963.98 | Шаги:   19
Эп  1002 | Счет:   0 | Ср.счет(100):   0.00 | Макс:   0 | Epsilon: 0.0010 | Награда:   -82.00 | Ср.награда(100):  4950.29 | Шаги:   19
Эп  1003 | Счет:   0 | Ср.счет(100):   0.00 | Макс:   0 | Epsilon: 0.0010 | Награда:  2685.80 | Ср.награда(100):  4926.02 | Шаги:  247
Эп  1004 | Счет:   0 | Ср.счет(100):   0.00 | Макс:   0 | Epsilon: 0.0010 | Награда:    96.60 | Ср.награда(100):  4916.72 | Шаги:   56
Эп  1005 | Счет:   0 | Ср.счет(100):   0.00 | Макс:   0 | Epsilon: 0.0010 | Награда:   300.20 | Ср.награда(100):  4840.01 | Шаги:   66
Эп  1006 | Счет:   0 | Ср.счет(100):   0.00 | Макс:   0 | Epsilon: 0.0010 | Награда:   -82.00 | Ср.награда(100):  4784.92 | Шаги:   19
Эп  1007 | Счет:   0 | Ср.счет(100):   0.00 | Макс:   0 | Epsilon: 0.0010 | Награда:  1512.60 | Ср.награда(100):  4796.40 | Шаги:  170
Эп  1008 | Счет:   0 | Ср.счет(100):   0.00 | Макс:   0 | Epsilon: 0.0010 | Награда:   -82.00 | Ср.награда(100):  4794.65 | Шаги:   19
Эп  1009 | Счет:   0 | Ср.счет(100):   0.00 | Макс:   0 | Epsilon: 0.0010 | Награда:   -82.00 | Ср.награда(100):  4789.84 | Шаги:   19
Эп  1010 | Счет:   0 | Ср.счет(100):   0.00 | Макс:   0 | Epsilon: 0.0010 | Награда:  3064.40 | Ср.награда(100):  4816.26 | Шаги:  308
Эп  1011 | Счет:   0 | Ср.счет(100):   0.00 | Макс:   0 | Epsilon: 0.0010 | Награда:    54.40 | Ср.награда(100):  4789.91 | Шаги:   53
Эп  1012 | Счет:   0 | Ср.счет(100):   0.00 | Макс:   0 | Epsilon: 0.0010 | Награда:    85.00 | Ср.награда(100):  4745.71 | Шаги:   59
Эп  1013 | Счет:   0 | Ср.счет(100):   0.00 | Макс:   0 | Epsilon: 0.0010 | Награда:   112.80 | Ср.награда(100):  4735.97 | Шаги:   59
Эп  1014 | Счет:   0 | Ср.счет(100):   0.00 | Макс:   0 | Epsilon: 0.0010 | Награда:   293.20 | Ср.награда(100):  4734.68 | Шаги:   65
Эп  1015 | Счет:   0 | Ср.счет(100):   0.00 | Макс:   0 | Epsilon: 0.0010 | Награда:   -82.00 | Ср.награда(100):  4703.98 | Шаги:   19
Эп  1016 | Счет:   0 | Ср.счет(100):   0.00 | Макс:   0 | Epsilon: 0.0010 | Награда:   378.80 | Ср.награда(100):  4698.96 | Шаги:   64
Эп  1017 | Счет:   0 | Ср.счет(100):   0.00 | Макс:   0 | Epsilon: 0.0010 | Награда:  2173.20 | Ср.награда(100):  4707.53 | Шаги:  211
Эп  1018 | Счет:   0 | Ср.счет(100):   0.00 | Макс:   0 | Epsilon: 0.0010 | Награда:    18.00 | Ср.награда(100):  4706.24 | Шаги:   52
Эп  1019 | Счет:   0 | Ср.счет(100):   0.00 | Макс:   0 | Epsilon: 0.0010 | Награда:    64.80 | Ср.награда(100):  4705.57 | Шаги:   50
Эп  1020 | Счет:   0 | Ср.счет(100):   0.00 | Макс:   0 | Epsilon: 0.0010 | Награда:    84.80 | Ср.награда(100):  4700.89 | Шаги:   58
Эп  1021 | Счет:   0 | Ср.счет(100):   0.00 | Макс:   0 | Epsilon: 0.0010 | Награда:   282.20 | Ср.награда(100):  4694.72 | Шаги:   91
Эп  1022 | Счет:   0 | Ср.счет(100):   0.00 | Макс:   0 | Epsilon: 0.0010 | Награда:     5.00 | Ср.награда(100):  4680.97 | Шаги:   50
Эп  1023 | Счет:   0 | Ср.счет(100):   0.00 | Макс:   0 | Epsilon: 0.0010 | Награда:    -0.00 | Ср.награда(100):  4662.87 | Шаги:   55
Эп  1024 | Счет:   0 | Ср.счет(100):   0.00 | Макс:   0 | Epsilon: 0.0010 | Награда:   513.40 | Ср.награда(100):  4663.71 | Шаги:   90
Эп  1025 | Счет:   0 | Ср.счет(100):   0.00 | Макс:   0 | Epsilon: 0.0010 | Награда:   314.40 | Ср.награда(100):  4640.95 | Шаги:   65
Эп  1026 | Счет:   0 | Ср.счет(100):   0.00 | Макс:   0 | Epsilon: 0.0010 | Награда:    58.20 | Ср.награда(100):  4619.84 | Шаги:   60
Эп  1027 | Счет:   0 | Ср.счет(100):   0.00 | Макс:   0 | Epsilon: 0.0010 | Награда:   210.60 | Ср.награда(100):  4612.93 | Шаги:   62
Эп  1028 | Счет:   0 | Ср.счет(100):   0.00 | Макс:   0 | Epsilon: 0.0010 | Награда:   -17.60 | Ср.награда(100):  4608.39 | Шаги:   51
Эп  1029 | Счет:   0 | Ср.счет(100):   0.00 | Макс:   0 | Epsilon: 0.0010 | Награда:   312.60 | Ср.награда(100):  4520.36 | Шаги:   63
Эп  1030 | Счет:   0 | Ср.счет(100):   0.00 | Макс:   0 | Epsilon: 0.0010 | Награда:   362.60 | Ср.награда(100):  4454.32 | Шаги:   62
Эп  1031 | Счет:   0 | Ср.счет(100):   0.00 | Макс:   0 | Epsilon: 0.0010 | Награда:    33.40 | Ср.награда(100):  4453.15 | Шаги:   52
Эп  1032 | Счет:   0 | Ср.счет(100):   0.00 | Макс:   0 | Epsilon: 0.0010 | Награда:   367.00 | Ср.награда(100):  4399.17 | Шаги:   63
Эп  1033 | Счет:   0 | Ср.счет(100):   0.00 | Макс:   0 | Epsilon: 0.0010 | Награда:   371.40 | Ср.награда(100):  4390.97 | Шаги:   65
Эп  1034 | Счет:   0 | Ср.счет(100):   0.00 | Макс:   0 | Epsilon: 0.0010 | Награда:   214.60 | Ср.награда(100):  4272.54 | Шаги:   62
Эп  1035 | Счет:   0 | Ср.счет(100):   0.00 | Макс:   0 | Epsilon: 0.0010 | Награда:   329.20 | Ср.награда(100):  4250.42 | Шаги:   63
Эп  1036 | Счет:   0 | Ср.счет(100):   0.00 | Макс:   0 | Epsilon: 0.0010 | Награда:    29.40 | Ср.награда(100):  4246.53 | Шаги:   53
Эп  1037 | Счет:   0 | Ср.счет(100):   0.00 | Макс:   0 | Epsilon: 0.0010 | Награда:    70.20 | Ср.награда(100):  4095.90 | Шаги:   57
Эп  1038 | Счет:   0 | Ср.счет(100):   0.00 | Макс:   0 | Epsilon: 0.0010 | Награда:   111.20 | Ср.награда(100):  3902.60 | Шаги:   53
Эп  1039 | Счет:   0 | Ср.счет(100):   0.00 | Макс:   0 | Epsilon: 0.0010 | Награда:  -200.00 | Ср.награда(100):  3867.87 | Шаги:   50
Эп  1040 | Счет:   0 | Ср.счет(100):   0.00 | Макс:   0 | Epsilon: 0.0010 | Награда:   569.00 | Ср.награда(100):  3874.38 | Шаги:   90
Эп  1041 | Счет:   0 | Ср.счет(100):   0.00 | Макс:   0 | Epsilon: 0.0010 | Награда:   119.80 | Ср.награда(100):  3876.40 | Шаги:   55
Эп  1042 | Счет:   0 | Ср.счет(100):   0.00 | Макс:   0 | Epsilon: 0.0010 | Награда:   -95.20 | Ср.награда(100):  3753.20 | Шаги:   50
Эп  1043 | Счет:   0 | Ср.счет(100):   0.00 | Макс:   0 | Epsilon: 0.0010 | Награда:   581.00 | Ср.награда(100):  3696.98 | Шаги:   87
Эп  1044 | Счет:   0 | Ср.счет(100):   0.00 | Макс:   0 | Epsilon: 0.0010 | Награда:   377.80 | Ср.награда(100):  3570.04 | Шаги:   63
Эп  1045 | Счет:   0 | Ср.счет(100):   0.00 | Макс:   0 | Epsilon: 0.0010 | Награда:   103.00 | Ср.награда(100):  3481.14 | Шаги:   52
Эп  1046 | Счет:   0 | Ср.счет(100):   0.00 | Макс:   0 | Epsilon: 0.0010 | Награда:   620.80 | Ср.награда(100):  3467.24 | Шаги:   93
Эп  1047 | Счет:   0 | Ср.счет(100):   0.00 | Макс:   0 | Epsilon: 0.0010 | Награда:   382.20 | Ср.награда(100):  3354.77 | Шаги:   62
Эп  1048 | Счет:   0 | Ср.счет(100):   0.00 | Макс:   0 | Epsilon: 0.0010 | Награда:   138.40 | Ср.награда(100):  3321.38 | Шаги:   56
Эп  1049 | Счет:   0 | Ср.счет(100):   0.00 | Макс:   0 | Epsilon: 0.0010 | Награда:   139.40 | Ср.награда(100):  3243.32 | Шаги:   59
Эп  1050 | Счет:   0 | Ср.счет(100):   0.00 | Макс:   0 | Epsilon: 0.0010 | Награда:   142.40 | Ср.награда(100):  3175.19 | Шаги:   60
Эп  1051 | Счет:   0 | Ср.счет(100):   0.00 | Макс:   0 | Epsilon: 0.0010 | Награда:    -8.40 | Ср.награда(100):  3166.11 | Шаги:   50
Эп  1052 | Счет:   0 | Ср.счет(100):   0.00 | Макс:   0 | Epsilon: 0.0010 | Награда:   138.40 | Ср.награда(100):  3082.37 | Шаги:   58
Эп  1053 | Счет:   0 | Ср.счет(100):   0.00 | Макс:   0 | Epsilon: 0.0010 | Награда:    28.60 | Ср.награда(100):  3035.78 | Шаги:   50
Эп  1054 | Счет:   0 | Ср.счет(100):   0.00 | Макс:   0 | Epsilon: 0.0010 | Награда:   119.40 | Ср.награда(100):  3038.98 | Шаги:   57
Эп  1055 | Счет:   0 | Ср.счет(100):   0.00 | Макс:   0 | Epsilon: 0.0010 | Награда:   107.00 | Ср.награда(100):  2916.60 | Шаги:   55
Эп  1056 | Счет:   0 | Ср.счет(100):   0.00 | Макс:   0 | Epsilon: 0.0010 | Награда:    -1.00 | Ср.награда(100):  2868.68 | Шаги:   56
Эп  1057 | Счет:   0 | Ср.счет(100):   0.00 | Макс:   0 | Epsilon: 0.0010 | Награда:     7.00 | Ср.награда(100):  2860.20 | Шаги:   61
Эп  1058 | Счет:   0 | Ср.счет(100):   0.00 | Макс:   0 | Epsilon: 0.0010 | Награда:   290.40 | Ср.награда(100):  2792.01 | Шаги:   62
Эп  1059 | Счет:   0 | Ср.счет(100):   0.00 | Макс:   0 | Epsilon: 0.0010 | Награда:   186.40 | Ср.награда(100):  2749.05 | Шаги:   61
Эп  1060 | Счет:   0 | Ср.счет(100):   0.00 | Макс:   0 | Epsilon: 0.0010 | Награда:   136.40 | Ср.награда(100):  2696.96 | Шаги:   58
Эп  1061 | Счет:   0 | Ср.счет(100):   0.00 | Макс:   0 | Epsilon: 0.0010 | Награда:  -200.00 | Ср.награда(100):  2676.34 | Шаги:   50
Эп  1062 | Счет:   0 | Ср.счет(100):   0.00 | Макс:   0 | Epsilon: 0.0010 | Награда:   151.40 | Ср.награда(100):  2664.47 | Шаги:   59
Эп  1063 | Счет:   0 | Ср.счет(100):   0.00 | Макс:   0 | Epsilon: 0.0010 | Награда:   347.00 | Ср.награда(100):  2593.98 | Шаги:   67
Эп  1064 | Счет:   0 | Ср.счет(100):   0.00 | Макс:   0 | Epsilon: 0.0010 | Награда:    95.00 | Ср.награда(100):  2556.60 | Шаги:   58
Эп  1065 | Счет:   0 | Ср.счет(100):   0.00 | Макс:   0 | Epsilon: 0.0010 | Награда:   292.40 | Ср.награда(100):  2462.34 | Шаги:   63
Эп  1066 | Счет:   0 | Ср.счет(100):   0.00 | Макс:   0 | Epsilon: 0.0010 | Награда:    61.80 | Ср.награда(100):  2353.12 | Шаги:   54
Эп  1067 | Счет:   0 | Ср.счет(100):   0.00 | Макс:   0 | Epsilon: 0.0010 | Награда:  -141.00 | Ср.награда(100):  2236.93 | Шаги:   50
Эп  1068 | Счет:   0 | Ср.счет(100):   0.00 | Макс:   0 | Epsilon: 0.0010 | Награда:    88.00 | Ср.награда(100):  2197.78 | Шаги:   58
Эп  1069 | Счет:   0 | Ср.счет(100):   0.00 | Макс:   0 | Epsilon: 0.0010 | Награда:  -141.00 | Ср.награда(100):  2110.71 | Шаги:   50
Эп  1070 | Счет:   0 | Ср.счет(100):   0.00 | Макс:   0 | Epsilon: 0.0010 | Награда:  -200.00 | Ср.награда(100):  2091.38 | Шаги:   50
Эп  1071 | Счет:   0 | Ср.счет(100):   0.00 | Макс:   0 | Epsilon: 0.0010 | Награда:  -200.00 | Ср.награда(100):  1996.92 | Шаги:   50
Эп  1072 | Счет:   0 | Ср.счет(100):   0.00 | Макс:   0 | Epsilon: 0.0010 | Награда:   305.80 | Ср.награда(100):  1957.02 | Шаги:   64
Эп  1073 | Счет:   0 | Ср.счет(100):   0.00 | Макс:   0 | Epsilon: 0.0010 | Награда:   131.40 | Ср.награда(100):  1941.63 | Шаги:   61
Эп  1074 | Счет:   0 | Ср.счет(100):   0.00 | Макс:   0 | Epsilon: 0.0010 | Награда:   -41.60 | Ср.награда(100):  1866.49 | Шаги:   51
Эп  1075 | Счет:   0 | Ср.счет(100):   0.00 | Макс:   0 | Epsilon: 0.0010 | Награда:    77.40 | Ср.награда(100):  1832.37 | Шаги:   53
Эп  1076 | Счет:   0 | Ср.счет(100):   0.00 | Макс:   0 | Epsilon: 0.0010 | Награда:   407.40 | Ср.награда(100):  1810.82 | Шаги:   65
Эп  1077 | Счет:   0 | Ср.счет(100):   0.00 | Макс:   0 | Epsilon: 0.0010 | Награда:   309.00 | Ср.награда(100):  1752.19 | Шаги:   63
Эп  1078 | Счет:   0 | Ср.счет(100):   0.00 | Макс:   0 | Epsilon: 0.0010 | Награда:   131.00 | Ср.награда(100):  1684.95 | Шаги:   55
Эп  1079 | Счет:   0 | Ср.счет(100):   0.00 | Макс:   0 | Epsilon: 0.0010 | Награда:   115.40 | Ср.награда(100):  1484.96 | Шаги:   57
Эп  1080 | Счет:   0 | Ср.счет(100):   0.00 | Макс:   0 | Epsilon: 0.0010 | Награда:   -42.60 | Ср.награда(100):  1346.06 | Шаги:   54
Эп  1081 | Счет:   0 | Ср.счет(100):   0.00 | Макс:   0 | Epsilon: 0.0010 | Награда:    74.60 | Ср.награда(100):  1323.66 | Шаги:   52
Эп  1082 | Счет:   0 | Ср.счет(100):   0.00 | Макс:   0 | Epsilon: 0.0010 | Награда:    57.40 | Ср.награда(100):  1273.92 | Шаги:   52
Эп  1083 | Счет:   0 | Ср.счет(100):   0.00 | Макс:   0 | Epsilon: 0.0010 | Награда:   494.20 | Ср.награда(100):  1262.00 | Шаги:   96
Эп  1084 | Счет:   0 | Ср.счет(100):   0.00 | Макс:   0 | Epsilon: 0.0010 | Награда:   774.40 | Ср.награда(100):  1218.98 | Шаги:  101
Эп  1085 | Счет:   0 | Ср.счет(100):   0.00 | Макс:   0 | Epsilon: 0.0010 | Награда:   845.60 | Ср.награда(100):  1201.44 | Шаги:  100
Эп  1086 | Счет:   0 | Ср.счет(100):   0.00 | Макс:   0 | Epsilon: 0.0010 | Награда:   108.80 | Ср.награда(100):  1169.47 | Шаги:   54
Эп  1087 | Счет:   0 | Ср.счет(100):   0.00 | Макс:   0 | Epsilon: 0.0010 | Награда:   983.40 | Ср.награда(100):  1171.46 | Шаги:  126
Эп  1088 | Счет:   0 | Ср.счет(100):   0.00 | Макс:   0 | Epsilon: 0.0010 | Награда:  1052.60 | Ср.награда(100):  1164.18 | Шаги:  123
Эп  1089 | Счет:   0 | Ср.счет(100):   0.00 | Макс:   0 | Epsilon: 0.0010 | Награда:   104.40 | Ср.награда(100):  1054.06 | Шаги:   54
Эп  1090 | Счет:   0 | Ср.счет(100):   0.00 | Макс:   0 | Epsilon: 0.0010 | Награда:  -200.00 | Ср.награда(100):   956.97 | Шаги:   50
Эп  1091 | Счет:   0 | Ср.счет(100):   0.00 | Макс:   0 | Epsilon: 0.0010 | Награда:   495.60 | Ср.награда(100):   914.20 | Шаги:   86
Эп  1092 | Счет:   0 | Ср.счет(100):   0.00 | Макс:   0 | Epsilon: 0.0010 | Награда:  -141.00 | Ср.награда(100):   749.92 | Шаги:   50
Эп  1093 | Счет:   0 | Ср.счет(100):   0.00 | Макс:   0 | Epsilon: 0.0010 | Награда:    94.20 | Ср.награда(100):   730.82 | Шаги:   56
Эп  1094 | Счет:   0 | Ср.счет(100):   0.00 | Макс:   0 | Epsilon: 0.0010 | Награда:   108.20 | Ср.награда(100):   732.72 | Шаги:   58
Эп  1095 | Счет:   0 | Ср.счет(100):   0.00 | Макс:   0 | Epsilon: 0.0010 | Награда:   284.80 | Ср.награда(100):   687.92 | Шаги:   66
Эп  1096 | Счет:   0 | Ср.счет(100):   0.00 | Макс:   0 | Epsilon: 0.0010 | Награда:   -71.00 | Ср.награда(100):   510.15 | Шаги:   50
Эп  1097 | Счет:   0 | Ср.счет(100):   0.00 | Макс:   0 | Epsilon: 0.0010 | Награда:   -97.60 | Ср.награда(100):   352.17 | Шаги:   50
Эп  1098 | Счет:   0 | Ср.счет(100):   0.00 | Макс:   0 | Epsilon: 0.0010 | Награда:    56.40 | Ср.награда(100):   352.01 | Шаги:   60
Эп  1099 | Счет:   0 | Ср.счет(100):   0.00 | Макс:   0 | Epsilon: 0.0010 | Награда:   -16.40 | Ср.награда(100):   290.90 | Шаги:   55
Эп  1100 | Счет:   0 | Ср.счет(100):   0.00 | Макс:   0 | Epsilon: 0.0010 | Награда:   145.20 | Ср.награда(100):   245.84 | Шаги:   58
Эп  1101 | Счет:   0 | Ср.счет(100):   0.00 | Макс:   0 | Epsilon: 0.0010 | Награда:   838.20 | Ср.награда(100):   255.04 | Шаги:  103
Эп  1102 | Счет:   0 | Ср.счет(100):   0.00 | Макс:   0 | Epsilon: 0.0010 | Награда:  3687.80 | Ср.награда(100):   292.74 | Шаги:  326
Эп  1103 | Счет:   0 | Ср.счет(100):   0.00 | Макс:   0 | Epsilon: 0.0010 | Награда:    78.60 | Ср.награда(100):   266.67 | Шаги:   52
Эп  1104 | Счет:   0 | Ср.счет(100):   0.00 | Макс:   0 | Epsilon: 0.0010 | Награда:   846.60 | Ср.награда(100):   274.17 | Шаги:  102
Эп  1105 | Счет:   0 | Ср.счет(100):   0.00 | Макс:   0 | Epsilon: 0.0010 | Награда:  1373.80 | Ср.награда(100):   284.90 | Шаги:  163
Эп  1106 | Счет:   0 | Ср.счет(100):   0.00 | Макс:   0 | Epsilon: 0.0010 | Награда:  -200.00 | Ср.награда(100):   283.72 | Шаги:   50
Эп  1107 | Счет:   0 | Ср.счет(100):   0.00 | Макс:   0 | Epsilon: 0.0010 | Награда:  1370.80 | Ср.награда(100):   282.30 | Шаги:  141
Эп  1108 | Счет:   0 | Ср.счет(100):   0.00 | Макс:   0 | Epsilon: 0.0010 | Награда:  6889.40 | Ср.награда(100):   352.02 | Шаги:  580
Эп  1109 | Счет:   0 | Ср.счет(100):   0.00 | Макс:   0 | Epsilon: 0.0010 | Награда:  -200.00 | Ср.награда(100):   350.84 | Шаги:   50
Эп  1110 | Счет:   0 | Ср.счет(100):   0.00 | Макс:   0 | Epsilon: 0.0010 | Награда:  1300.20 | Ср.награда(100):   333.20 | Шаги:  141
Эп  1111 | Счет:   0 | Ср.счет(100):   0.00 | Макс:   0 | Epsilon: 0.0010 | Награда:  3061.40 | Ср.награда(100):   363.27 | Шаги:  308
Эп  1112 | Счет:   0 | Ср.счет(100):   0.00 | Макс:   0 | Epsilon: 0.0010 | Награда:  7996.00 | Ср.награда(100):   442.38 | Шаги:  687
Эп  1113 | Счет:   0 | Ср.счет(100):   0.00 | Макс:   0 | Epsilon: 0.0010 | Награда:  6394.20 | Ср.награда(100):   505.19 | Шаги:  586
Эп  1114 | Счет:   0 | Ср.счет(100):   0.00 | Макс:   0 | Epsilon: 0.0010 | Награда:  -200.00 | Ср.награда(100):   500.26 | Шаги:   50
Эп  1115 | Счет:   0 | Ср.счет(100):   0.00 | Макс:   0 | Epsilon: 0.0010 | Награда: 15094.60 | Ср.награда(100):   652.02 | Шаги: 1287
Эп  1116 | Счет:   0 | Ср.счет(100):   0.00 | Макс:   0 | Epsilon: 0.0010 | Награда: 11398.40 | Ср.награда(100):   762.22 | Шаги:  992
Эп  1117 | Счет:   0 | Ср.счет(100):   0.00 | Макс:   0 | Epsilon: 0.0010 | Награда:  2232.80 | Ср.награда(100):   762.82 | Шаги:  214
Эп  1118 | Счет:   0 | Ср.счет(100):   0.00 | Макс:   0 | Epsilon: 0.0010 | Награда:   -82.00 | Ср.награда(100):   761.82 | Шаги:   19
Эп  1119 | Счет:   0 | Ср.счет(100):   0.00 | Макс:   0 | Epsilon: 0.0010 | Награда:   -82.00 | Ср.награда(100):   760.35 | Шаги:   19
Эп  1120 | Счет:   0 | Ср.счет(100):   0.00 | Макс:   0 | Epsilon: 0.0010 | Награда:  1115.40 | Ср.награда(100):   770.65 | Шаги:  143
Эп  1121 | Счет:   0 | Ср.счет(100):   0.00 | Макс:   0 | Epsilon: 0.0010 | Награда:  4901.60 | Ср.награда(100):   816.85 | Шаги:  475
Эп  1122 | Счет:   0 | Ср.счет(100):   0.00 | Макс:   0 | Epsilon: 0.0010 | Награда:   283.80 | Ср.награда(100):   819.64 | Шаги:   68
Эп  1123 | Счет:   0 | Ср.счет(100):   0.00 | Макс:   0 | Epsilon: 0.0010 | Награда:  2474.20 | Ср.награда(100):   844.38 | Шаги:  252
Эп  1124 | Счет:   0 | Ср.счет(100):   0.00 | Макс:   0 | Epsilon: 0.0010 | Награда:  -200.00 | Ср.награда(100):   837.24 | Шаги:   50
Эп  1125 | Счет:   0 | Ср.счет(100):   0.00 | Макс:   0 | Epsilon: 0.0010 | Награда:  3078.20 | Ср.награда(100):   864.88 | Шаги:  328
Эп  1126 | Счет:   0 | Ср.счет(100):   0.00 | Макс:   0 | Epsilon: 0.0010 | Награда: 21130.60 | Ср.награда(100):  1075.61 | Шаги: 1917
Эп  1127 | Счет:   0 | Ср.счет(100):   0.00 | Макс:   0 | Epsilon: 0.0010 | Награда:  3179.80 | Ср.награда(100):  1105.30 | Шаги:  326
Эп  1128 | Счет:   0 | Ср.счет(100):   0.00 | Макс:   0 | Epsilon: 0.0010 | Награда:  6688.40 | Ср.награда(100):  1172.36 | Шаги:  621
Эп  1129 | Счет:   0 | Ср.счет(100):   0.00 | Макс:   0 | Epsilon: 0.0010 | Награда:  5527.00 | Ср.награда(100):  1224.50 | Шаги:  512
Эп  1130 | Счет:   0 | Ср.счет(100):   0.00 | Макс:   0 | Epsilon: 0.0010 | Награда:  2148.60 | Ср.награда(100):  1242.36 | Шаги:  217
Эп  1131 | Счет:   0 | Ср.счет(100):   0.00 | Макс:   0 | Epsilon: 0.0010 | Награда:  3296.00 | Ср.награда(100):  1274.99 | Шаги:  308
Эп  1132 | Счет:   0 | Ср.счет(100):   0.00 | Макс:   0 | Epsilon: 0.0010 | Награда:  5570.20 | Ср.награда(100):  1327.02 | Шаги:  513
Эп  1133 | Счет:   0 | Ср.счет(100):   0.00 | Макс:   0 | Epsilon: 0.0010 | Награда:  3541.40 | Ср.награда(100):  1358.72 | Шаги:  327
Эп  1134 | Счет:   0 | Ср.счет(100):   0.00 | Макс:   0 | Epsilon: 0.0010 | Награда:  3729.40 | Ср.награда(100):  1393.87 | Шаги:  346
Эп  1135 | Счет:   0 | Ср.счет(100):   0.00 | Макс:   0 | Epsilon: 0.0010 | Награда:  9470.20 | Ср.награда(100):  1485.28 | Шаги:  826
Эп  1136 | Счет:   0 | Ср.счет(100):   0.00 | Макс:   0 | Epsilon: 0.0010 | Награда:  8148.80 | Ср.награда(100):  1566.47 | Шаги:  696
Эп  1137 | Счет:   0 | Ср.счет(100):   0.00 | Макс:   0 | Epsilon: 0.0010 | Награда:  4416.40 | Ср.награда(100):  1609.93 | Шаги:  400
Эп  1138 | Счет:   0 | Ср.счет(100):   0.00 | Макс:   0 | Epsilon: 0.0010 | Награда:  1770.40 | Ср.награда(100):  1626.53 | Шаги:  178
Эп  1139 | Счет:   0 | Ср.счет(100):   0.00 | Макс:   0 | Epsilon: 0.0010 | Награда:  5801.20 | Ср.награда(100):  1686.54 | Шаги:  514
Эп  1140 | Счет:   0 | Ср.счет(100):   0.00 | Макс:   0 | Epsilon: 0.0010 | Награда:   337.40 | Ср.награда(100):  1684.22 | Шаги:   70
Эп  1141 | Счет:   0 | Ср.счет(100):   0.00 | Макс:   0 | Epsilon: 0.0010 | Награда: 12031.60 | Ср.награда(100):  1803.34 | Шаги: 1068
Эп  1142 | Счет:   0 | Ср.счет(100):   0.00 | Макс:   0 | Epsilon: 0.0010 | Награда: 18706.80 | Ср.награда(100):  1991.36 | Шаги: 1659
Эп  1143 | Счет:   0 | Ср.счет(100):   0.00 | Макс:   0 | Epsilon: 0.0010 | Награда:  1875.60 | Ср.награда(100):  2004.31 | Шаги:  208
Эп  1144 | Счет:   0 | Ср.счет(100):   0.00 | Макс:   0 | Epsilon: 0.0010 | Награда:  6053.40 | Ср.награда(100):  2061.06 | Шаги:  549
Эп  1145 | Счет:   0 | Ср.счет(100):   0.00 | Макс:   0 | Epsilon: 0.0010 | Награда:  2384.20 | Ср.награда(100):  2083.87 | Шаги:  252
Эп  1146 | Счет:   0 | Ср.счет(100):   0.00 | Макс:   0 | Epsilon: 0.0010 | Награда:  7073.00 | Ср.награда(100):  2148.40 | Шаги:  662
Эп  1147 | Счет:   0 | Ср.счет(100):   0.00 | Макс:   0 | Epsilon: 0.0010 | Награда:  5382.00 | Ср.награда(100):  2198.39 | Шаги:  474
Эп  1148 | Счет:   0 | Ср.счет(100):   0.00 | Макс:   0 | Epsilon: 0.0010 | Награда: 19272.00 | Ср.награда(100):  2389.73 | Шаги: 1696
Эп  1149 | Счет:   0 | Ср.счет(100):   0.00 | Макс:   0 | Epsilon: 0.0010 | Награда:  5720.00 | Ср.награда(100):  2445.54 | Шаги:  513
Эп  1150 | Счет:   0 | Ср.счет(100):   0.00 | Макс:   0 | Epsilon: 0.0010 | Награда: 13824.20 | Ср.награда(100):  2582.35 | Шаги: 1214
Эп  1151 | Счет:   0 | Ср.счет(100):   0.00 | Макс:   0 | Epsilon: 0.0010 | Награда: 14071.40 | Ср.награда(100):  2723.15 | Шаги: 1251
Эп  1152 | Счет:   0 | Ср.счет(100):   0.00 | Макс:   0 | Epsilon: 0.0010 | Награда:  6814.80 | Ср.награда(100):  2789.92 | Шаги:  622
Эп  1153 | Счет:   0 | Ср.счет(100):   0.00 | Макс:   0 | Epsilon: 0.0010 | Награда:  2043.60 | Ср.награда(100):  2810.07 | Шаги:  217
Эп  1154 | Счет:   0 | Ср.счет(100):   0.00 | Макс:   0 | Epsilon: 0.0010 | Награда:  1186.60 | Ср.награда(100):  2820.74 | Шаги:  164
Эп  1155 | Счет:   0 | Ср.счет(100):   0.00 | Макс:   0 | Epsilon: 0.0010 | Награда:  3416.20 | Ср.награда(100):  2853.83 | Шаги:  327
Эп  1156 | Счет:   0 | Ср.счет(100):   0.00 | Макс:   0 | Epsilon: 0.0010 | Награда:  1655.60 | Ср.награда(100):  2870.40 | Шаги:  179
Эп  1157 | Счет:   0 | Ср.счет(100):   0.00 | Макс:   0 | Epsilon: 0.0010 | Награда:  1681.00 | Ср.награда(100):  2887.14 | Шаги:  175
Эп  1158 | Счет:   0 | Ср.счет(100):   0.00 | Макс:   0 | Epsilon: 0.0010 | Награда:  4553.80 | Ср.награда(100):  2929.77 | Шаги:  437
Эп  1159 | Счет:   0 | Ср.счет(100):   0.00 | Макс:   0 | Epsilon: 0.0010 | Награда:  5190.00 | Ср.награда(100):  2979.81 | Шаги:  476
Эп  1160 | Счет:   0 | Ср.счет(100):   0.00 | Макс:   0 | Epsilon: 0.0010 | Награда:  6981.40 | Ср.награда(100):  3048.26 | Шаги:  660
Эп  1161 | Счет:   0 | Ср.счет(100):   0.00 | Макс:   0 | Epsilon: 0.0010 | Награда:  2942.60 | Ср.награда(100):  3079.68 | Шаги:  281
Эп  1162 | Счет:   0 | Ср.счет(100):   0.00 | Макс:   0 | Epsilon: 0.0010 | Награда:  4564.60 | Ср.награда(100):  3123.81 | Шаги:  440
Эп  1163 | Счет:   0 | Ср.счет(100):   0.00 | Макс:   0 | Epsilon: 0.0010 | Награда:   314.40 | Ср.награда(100):  3123.49 | Шаги:   86
Эп  1164 | Счет:   0 | Ср.счет(100):   0.00 | Макс:   0 | Epsilon: 0.0010 | Награда:  1310.40 | Ср.награда(100):  3135.64 | Шаги:  144
Эп  1165 | Счет:   0 | Ср.счет(100):   0.00 | Макс:   0 | Epsilon: 0.0010 | Награда:  3026.60 | Ср.награда(100):  3162.98 | Шаги:  292
Эп  1166 | Счет:   0 | Ср.счет(100):   0.00 | Макс:   0 | Epsilon: 0.0010 | Награда: 10399.00 | Ср.награда(100):  3266.36 | Шаги:  917
Эп  1167 | Счет:   0 | Ср.счет(100):   0.00 | Макс:   0 | Epsilon: 0.0010 | Награда:   846.40 | Ср.награда(100):  3276.23 | Шаги:  105
Эп  1168 | Счет:   0 | Ср.счет(100):   0.00 | Макс:   0 | Epsilon: 0.0010 | Награда:  4095.60 | Ср.награда(100):  3316.31 | Шаги:  400
Эп  1169 | Счет:   0 | Ср.счет(100):   0.00 | Макс:   0 | Epsilon: 0.0010 | Награда:  4595.60 | Ср.награда(100):  3363.67 | Шаги:  430
Эп  1170 | Счет:   0 | Ср.счет(100):   0.00 | Макс:   0 | Epsilon: 0.0010 | Награда:  6818.00 | Ср.награда(100):  3433.85 | Шаги:  624
Эп  1171 | Счет:   0 | Ср.счет(100):   0.00 | Макс:   0 | Epsilon: 0.0010 | Награда:  5338.80 | Ср.награда(100):  3489.24 | Шаги:  514
Эп  1172 | Счет:   0 | Ср.счет(100):   0.00 | Макс:   0 | Epsilon: 0.0010 | Награда:  1174.80 | Ср.награда(100):  3497.93 | Шаги:  143
Эп  1173 | Счет:   0 | Ср.счет(100):   0.00 | Макс:   0 | Epsilon: 0.0010 | Награда: 10014.80 | Ср.награда(100):  3596.76 | Шаги:  919
Эп  1174 | Счет:   0 | Ср.счет(100):   0.00 | Макс:   0 | Epsilon: 0.0010 | Награда:  5667.60 | Ср.награда(100):  3653.86 | Шаги:  549
Эп  1175 | Счет:   0 | Ср.счет(100):   0.00 | Макс:   0 | Epsilon: 0.0010 | Награда:  5061.20 | Ср.награда(100):  3703.69 | Шаги:  475
Эп  1176 | Счет:   0 | Ср.счет(100):   0.00 | Макс:   0 | Epsilon: 0.0010 | Награда: 12147.20 | Ср.награда(100):  3821.09 | Шаги: 1105
Эп  1177 | Счет:   0 | Ср.счет(100):   0.00 | Макс:   0 | Epsilon: 0.0010 | Награда: 20805.80 | Ср.награда(100):  4026.06 | Шаги: 1869
Эп  1178 | Счет:   0 | Ср.счет(100):   0.00 | Макс:   0 | Epsilon: 0.0010 | Награда: 19739.60 | Ср.награда(100):  4222.15 | Шаги: 1808
Эп  1179 | Счет:   0 | Ср.счет(100):   0.00 | Макс:   0 | Epsilon: 0.0010 | Награда: 18393.80 | Ср.награда(100):  4404.93 | Шаги: 1619
Эп  1180 | Счет:   0 | Ср.счет(100):   0.00 | Макс:   0 | Epsilon: 0.0010 | Награда:  8125.80 | Ср.награда(100):  4486.61 | Шаги:  770
Эп  1181 | Счет:   0 | Ср.счет(100):   0.00 | Макс:   0 | Epsilon: 0.0010 | Награда:  9644.00 | Ср.награда(100):  4582.31 | Шаги:  810
Эп  1182 | Счет:   0 | Ср.счет(100):   0.00 | Макс:   0 | Epsilon: 0.0010 | Награда:   371.20 | Ср.награда(100):  4585.45 | Шаги:   63
Эп  1183 | Счет:   0 | Ср.счет(100):   0.00 | Макс:   0 | Epsilon: 0.0010 | Награда:  4164.40 | Ср.награда(100):  4622.15 | Шаги:  383
Эп  1184 | Счет:   0 | Ср.счет(100):   0.00 | Макс:   0 | Epsilon: 0.0010 | Награда:  8692.60 | Ср.награда(100):  4701.33 | Шаги:  753
Эп  1185 | Счет:   0 | Ср.счет(100):   0.00 | Макс:   0 | Epsilon: 0.0010 | Награда:  5686.80 | Ср.награда(100):  4749.74 | Шаги:  530
Эп  1186 | Счет:   0 | Ср.счет(100):   0.00 | Макс:   0 | Epsilon: 0.0010 | Награда:  1705.60 | Ср.награда(100):  4765.71 | Шаги:  177
Эп  1187 | Счет:   0 | Ср.счет(100):   0.00 | Макс:   0 | Epsilon: 0.0010 | Награда:  6595.00 | Ср.награда(100):  4821.83 | Шаги:  588
Эп  1188 | Счет:   0 | Ср.счет(100):   0.00 | Макс:   0 | Epsilon: 0.0010 | Награда:  2061.20 | Ср.награда(100):  4831.91 | Шаги:  211
Эп  1189 | Счет:   0 | Ср.счет(100):   0.00 | Макс:   0 | Epsilon: 0.0010 | Награда:  3935.80 | Ср.награда(100):  4870.23 | Шаги:  365
Эп  1190 | Счет:   0 | Ср.счет(100):   0.00 | Макс:   0 | Epsilon: 0.0010 | Награда:  6643.20 | Ср.награда(100):  4938.66 | Шаги:  587
Эп  1191 | Счет:   0 | Ср.счет(100):   0.00 | Макс:   0 | Epsilon: 0.0010 | Награда:  3997.60 | Ср.награда(100):  4973.68 | Шаги:  360
Эп  1192 | Счет:   0 | Ср.счет(100):   0.00 | Макс:   0 | Epsilon: 0.0010 | Награда:  4407.20 | Ср.награда(100):  5019.16 | Шаги:  402
Эп  1193 | Счет:   0 | Ср.счет(100):   0.00 | Макс:   0 | Epsilon: 0.0010 | Награда:  2697.40 | Ср.награда(100):  5045.19 | Шаги:  251
Эп  1194 | Счет:   0 | Ср.счет(100):   0.00 | Макс:   0 | Epsilon: 0.0010 | Награда:  4063.00 | Ср.награда(100):  5084.74 | Шаги:  366
Эп  1195 | Счет:   0 | Ср.счет(100):   0.00 | Макс:   0 | Epsilon: 0.0010 | Награда: 33797.20 | Ср.награда(100):  5419.86 | Шаги: 2842
Эп  1196 | Счет:   0 | Ср.счет(100):   0.00 | Макс:   0 | Epsilon: 0.0010 | Награда:   865.00 | Ср.награда(100):  5429.22 | Шаги:  104
Эп  1197 | Счет:   0 | Ср.счет(100):   0.00 | Макс:   0 | Epsilon: 0.0010 | Награда:   881.40 | Ср.награда(100):  5439.01 | Шаги:  104
Эп  1198 | Счет:   0 | Ср.счет(100):   0.00 | Макс:   0 | Epsilon: 0.0010 | Награда:  2545.80 | Ср.награда(100):  5463.91 | Шаги:  253
Эп  1199 | Счет:   0 | Ср.счет(100):   0.00 | Макс:   0 | Epsilon: 0.0010 | Награда:  4736.60 | Ср.награда(100):  5511.44 | Шаги:  438
Эп  1200 | Счет:   0 | Ср.счет(100):   0.00 | Макс:   0 | Epsilon: 0.0010 | Награда:  4408.80 | Ср.награда(100):  5554.07 | Шаги:  399
Эп  1201 | Счет:   0 | Ср.счет(100):   0.00 | Макс:   0 | Epsilon: 0.0010 | Награда:   912.20 | Ср.награда(100):  5554.81 | Шаги:  102
Эп  1202 | Счет:   0 | Ср.счет(100):   0.00 | Макс:   0 | Epsilon: 0.0010 | Награда:    17.00 | Ср.награда(100):  5518.11 | Шаги:   53
Эп  1203 | Счет:   0 | Ср.счет(100):   0.00 | Макс:   0 | Epsilon: 0.0010 | Награда:   -43.20 | Ср.награда(100):  5516.89 | Шаги:   60
Эп  1204 | Счет:   0 | Ср.счет(100):   0.00 | Макс:   0 | Epsilon: 0.0010 | Награда:  -120.80 | Ср.награда(100):  5507.21 | Шаги:   50
Эп  1205 | Счет:   0 | Ср.счет(100):   0.00 | Макс:   0 | Epsilon: 0.0010 | Награда:   314.00 | Ср.награда(100):  5496.62 | Шаги:   66
Эп  1206 | Счет:   0 | Ср.счет(100):   0.00 | Макс:   0 | Epsilon: 0.0010 | Награда:   868.20 | Ср.награда(100):  5507.30 | Шаги:  104
Эп  1207 | Счет:   0 | Ср.счет(100):   0.00 | Макс:   0 | Epsilon: 0.0010 | Награда:   104.60 | Ср.награда(100):  5494.64 | Шаги:   56
Эп  1208 | Счет:   0 | Ср.счет(100):   0.00 | Макс:   0 | Epsilon: 0.0010 | Награда:    88.40 | Ср.награда(100):  5426.63 | Шаги:   50
Эп  1209 | Счет:   0 | Ср.счет(100):   0.00 | Макс:   0 | Epsilon: 0.0010 | Награда:  1185.60 | Ср.награда(100):  5440.48 | Шаги:  141
Эп  1210 | Счет:   0 | Ср.счет(100):   0.00 | Макс:   0 | Epsilon: 0.0010 | Награда:    89.60 | Ср.награда(100):  5428.38 | Шаги:   50
Эп  1211 | Счет:   0 | Ср.счет(100):   0.00 | Макс:   0 | Epsilon: 0.0010 | Награда:    31.80 | Ср.награда(100):  5398.08 | Шаги:   56
Эп  1212 | Счет:   0 | Ср.счет(100):   0.00 | Макс:   0 | Epsilon: 0.0010 | Награда:   422.00 | Ср.награда(100):  5322.34 | Шаги:   66
Эп  1213 | Счет:   0 | Ср.счет(100):   0.00 | Макс:   0 | Epsilon: 0.0010 | Награда:   152.80 | Ср.награда(100):  5259.93 | Шаги:   59
Эп  1214 | Счет:   0 | Ср.счет(100):   0.00 | Макс:   0 | Epsilon: 0.0010 | Награда:   381.20 | Ср.награда(100):  5265.74 | Шаги:   62
Эп  1215 | Счет:   0 | Ср.счет(100):   0.00 | Макс:   0 | Epsilon: 0.0010 | Награда:   387.20 | Ср.награда(100):  5118.66 | Шаги:   62
Эп  1216 | Счет:   0 | Ср.счет(100):   0.00 | Макс:   0 | Epsilon: 0.0010 | Награда:   389.60 | Ср.награда(100):  5008.58 | Шаги:   63
Эп  1217 | Счет:   0 | Ср.счет(100):   0.00 | Макс:   0 | Epsilon: 0.0010 | Награда:   297.40 | Ср.награда(100):  4989.22 | Шаги:   63
Эп  1218 | Счет:   0 | Ср.счет(100):   0.00 | Макс:   0 | Epsilon: 0.0010 | Награда:   421.00 | Ср.награда(100):  4994.25 | Шаги:   66
Эп  1219 | Счет:   0 | Ср.счет(100):   0.00 | Макс:   0 | Epsilon: 0.0010 | Награда:   425.60 | Ср.награда(100):  4999.33 | Шаги:   66
Эп  1220 | Счет:   0 | Ср.счет(100):   0.00 | Макс:   0 | Epsilon: 0.0010 | Награда:   918.00 | Ср.награда(100):  4997.35 | Шаги:  103
Эп  1221 | Счет:   0 | Ср.счет(100):   0.00 | Макс:   0 | Epsilon: 0.0010 | Награда:  2223.20 | Ср.награда(100):  4970.57 | Шаги:  213
Эп  1222 | Счет:   0 | Ср.счет(100):   0.00 | Макс:   0 | Epsilon: 0.0010 | Награда:   434.80 | Ср.награда(100):  4972.08 | Шаги:   68
Эп  1223 | Счет:   0 | Ср.счет(100):   0.00 | Макс:   0 | Epsilon: 0.0010 | Награда:   333.00 | Ср.награда(100):  4950.67 | Шаги:   86
Эп  1224 | Счет:   0 | Ср.счет(100):   0.00 | Макс:   0 | Epsilon: 0.0010 | Награда:   148.80 | Ср.награда(100):  4954.16 | Шаги:   59
Эп  1225 | Счет:   0 | Ср.счет(100):   0.00 | Макс:   0 | Epsilon: 0.0010 | Награда:   116.20 | Ср.награда(100):  4924.54 | Шаги:   57
Эп  1226 | Счет:   0 | Ср.счет(100):   0.00 | Макс:   0 | Epsilon: 0.0010 | Награда:   157.00 | Ср.награда(100):  4714.80 | Шаги:   60
Эп  1227 | Счет:   0 | Ср.счет(100):   0.00 | Макс:   0 | Epsilon: 0.0010 | Награда:    91.40 | Ср.награда(100):  4683.92 | Шаги:   50
Эп  1228 | Счет:   0 | Ср.счет(100):   0.00 | Макс:   0 | Epsilon: 0.0010 | Награда:   439.40 | Ср.награда(100):  4621.43 | Шаги:   70
Эп  1229 | Счет:   0 | Ср.счет(100):   0.00 | Макс:   0 | Epsilon: 0.0010 | Награда:   152.00 | Ср.награда(100):  4567.68 | Шаги:   60
Эп  1230 | Счет:   0 | Ср.счет(100):   0.00 | Макс:   0 | Epsilon: 0.0010 | Награда:   862.00 | Ср.награда(100):  4554.81 | Шаги:  100
Эп  1231 | Счет:   0 | Ср.счет(100):   0.00 | Макс:   0 | Epsilon: 0.0010 | Награда:    89.00 | Ср.награда(100):  4522.74 | Шаги:   50
Эп  1232 | Счет:   0 | Ср.счет(100):   0.00 | Макс:   0 | Epsilon: 0.0010 | Награда:   428.00 | Ср.награда(100):  4471.32 | Шаги:   66
Эп  1233 | Счет:   0 | Ср.счет(100):   0.00 | Макс:   0 | Epsilon: 0.0010 | Награда:   918.60 | Ср.награда(100):  4445.09 | Шаги:  104
Эп  1234 | Счет:   0 | Ср.счет(100):   0.00 | Макс:   0 | Epsilon: 0.0010 | Награда:   430.20 | Ср.награда(100):  4412.10 | Шаги:   69
Эп  1235 | Счет:   0 | Ср.счет(100):   0.00 | Макс:   0 | Epsilon: 0.0010 | Награда:  1057.00 | Ср.награда(100):  4327.97 | Шаги:  125
Эп  1236 | Счет:   0 | Ср.счет(100):   0.00 | Макс:   0 | Epsilon: 0.0010 | Награда:   434.80 | Ср.награда(100):  4250.83 | Шаги:   67
Эп  1237 | Счет:   0 | Ср.счет(100):   0.00 | Макс:   0 | Epsilon: 0.0010 | Награда:   156.00 | Ср.награда(100):  4208.22 | Шаги:   60
Эп  1238 | Счет:   0 | Ср.счет(100):   0.00 | Макс:   0 | Epsilon: 0.0010 | Награда:  1545.20 | Ср.награда(100):  4205.97 | Шаги:  166
Эп  1239 | Счет:   0 | Ср.счет(100):   0.00 | Макс:   0 | Epsilon: 0.0010 | Награда:   420.80 | Ср.награда(100):  4152.17 | Шаги:   65
Эп  1240 | Счет:   0 | Ср.счет(100):   0.00 | Макс:   0 | Epsilon: 0.0010 | Награда:   166.40 | Ср.награда(100):  4150.46 | Шаги:   59
Эп  1241 | Счет:   0 | Ср.счет(100):   0.00 | Макс:   0 | Epsilon: 0.0010 | Награда:   436.40 | Ср.награда(100):  4034.50 | Шаги:   67
Эп  1242 | Счет:   0 | Ср.счет(100):   0.00 | Макс:   0 | Epsilon: 0.0010 | Награда:   423.80 | Ср.награда(100):  3851.67 | Шаги:   66
Эп  1243 | Счет:   0 | Ср.счет(100):   0.00 | Макс:   0 | Epsilon: 0.0010 | Награда:   163.40 | Ср.награда(100):  3834.55 | Шаги:   59
Эп  1244 | Счет:   0 | Ср.счет(100):   0.00 | Макс:   0 | Epsilon: 0.0010 | Награда:   144.00 | Ср.награда(100):  3775.46 | Шаги:   61
Эп  1245 | Счет:   0 | Ср.счет(100):   0.00 | Макс:   0 | Epsilon: 0.0010 | Награда:    55.00 | Ср.награда(100):  3752.17 | Шаги:   53
Эп  1246 | Счет:   0 | Ср.счет(100):   0.00 | Макс:   0 | Epsilon: 0.0010 | Награда:   434.80 | Ср.награда(100):  3685.78 | Шаги:   67
Эп  1247 | Счет:   0 | Ср.счет(100):   0.00 | Макс:   0 | Epsilon: 0.0010 | Награда:   412.00 | Ср.награда(100):  3636.08 | Шаги:   64
Эп  1248 | Счет:   0 | Ср.счет(100):   0.00 | Макс:   0 | Epsilon: 0.0010 | Награда:   940.80 | Ср.награда(100):  3452.77 | Шаги:  103
Эп  1249 | Счет:   0 | Ср.счет(100):   0.00 | Макс:   0 | Epsilon: 0.0010 | Награда:   113.00 | Ср.награда(100):  3396.70 | Шаги:   55
Эп  1250 | Счет:   0 | Ср.счет(100):   0.00 | Макс:   0 | Epsilon: 0.0010 | Награда:  1487.60 | Ср.награда(100):  3273.34 | Шаги:  161
Эп  1251 | Счет:   0 | Ср.счет(100):   0.00 | Макс:   0 | Epsilon: 0.0010 | Награда:    90.20 | Ср.награда(100):  3133.52 | Шаги:   50
Эп  1252 | Счет:   0 | Ср.счет(100):   0.00 | Макс:   0 | Epsilon: 0.0010 | Награда:   183.00 | Ср.награда(100):  3067.21 | Шаги:   61
Эп  1253 | Счет:   0 | Ср.счет(100):   0.00 | Макс:   0 | Epsilon: 0.0010 | Награда:    90.40 | Ср.награда(100):  3047.67 | Шаги:   54
Эп  1254 | Счет:   0 | Ср.счет(100):   0.00 | Макс:   0 | Epsilon: 0.0010 | Награда:   407.20 | Ср.награда(100):  3039.88 | Шаги:   66
Эп  1255 | Счет:   0 | Ср.счет(100):   0.00 | Макс:   0 | Epsilon: 0.0010 | Награда:   395.40 | Ср.награда(100):  3009.67 | Шаги:   65
Эп  1256 | Счет:   0 | Ср.счет(100):   0.00 | Макс:   0 | Epsilon: 0.0010 | Награда:   392.40 | Ср.награда(100):  2997.04 | Шаги:   63
Эп  1257 | Счет:   0 | Ср.счет(100):   0.00 | Макс:   0 | Epsilon: 0.0010 | Награда:   388.80 | Ср.награда(100):  2984.12 | Шаги:   63
Эп  1258 | Счет:   0 | Ср.счет(100):   0.00 | Макс:   0 | Epsilon: 0.0010 | Награда:    63.00 | Ср.награда(100):  2939.21 | Шаги:   50
Эп  1259 | Счет:   0 | Ср.счет(100):   0.00 | Макс:   0 | Epsilon: 0.0010 | Награда:    89.80 | Ср.награда(100):  2888.21 | Шаги:   53
Эп  1260 | Счет:   0 | Ср.счет(100):   0.00 | Макс:   0 | Epsilon: 0.0010 | Награда:   435.60 | Ср.награда(100):  2822.75 | Шаги:   67
Эп  1261 | Счет:   0 | Ср.счет(100):   0.00 | Макс:   0 | Epsilon: 0.0010 | Награда:   431.60 | Ср.награда(100):  2797.64 | Шаги:   67
Эп  1262 | Счет:   0 | Ср.счет(100):   0.00 | Макс:   0 | Epsilon: 0.0010 | Награда:   110.00 | Ср.награда(100):  2753.09 | Шаги:   55
Эп  1263 | Счет:   0 | Ср.счет(100):   0.00 | Макс:   0 | Epsilon: 0.0010 | Награда:   906.60 | Ср.награда(100):  2759.02 | Шаги:  100
Эп  1264 | Счет:   0 | Ср.счет(100):   0.00 | Макс:   0 | Epsilon: 0.0010 | Награда:  1373.80 | Ср.награда(100):  2759.65 | Шаги:  138
Эп  1265 | Счет:   0 | Ср.счет(100):   0.00 | Макс:   0 | Epsilon: 0.0010 | Награда:  1821.40 | Ср.награда(100):  2747.60 | Шаги:  180
Эп  1266 | Счет:   0 | Ср.счет(100):   0.00 | Макс:   0 | Epsilon: 0.0010 | Награда:   103.60 | Ср.награда(100):  2644.64 | Шаги:   54
Эп  1267 | Счет:   0 | Ср.счет(100):   0.00 | Макс:   0 | Epsilon: 0.0010 | Награда:   436.40 | Ср.награда(100):  2640.54 | Шаги:   67
Эп  1268 | Счет:   0 | Ср.счет(100):   0.00 | Макс:   0 | Epsilon: 0.0010 | Награда:   413.00 | Ср.награда(100):  2603.72 | Шаги:   64
Эп  1269 | Счет:   0 | Ср.счет(100):   0.00 | Макс:   0 | Epsilon: 0.0010 | Награда:     7.60 | Ср.награда(100):  2557.84 | Шаги:   51
Эп  1270 | Счет:   0 | Ср.счет(100):   0.00 | Макс:   0 | Epsilon: 0.0010 | Награда:   106.80 | Ср.награда(100):  2490.73 | Шаги:   53
Эп  1271 | Счет:   0 | Ср.счет(100):   0.00 | Макс:   0 | Epsilon: 0.0010 | Награда:   169.60 | Ср.награда(100):  2439.03 | Шаги:   59
Эп  1272 | Счет:   0 | Ср.счет(100):   0.00 | Макс:   0 | Epsilon: 0.0010 | Награда:    97.80 | Ср.награда(100):  2428.26 | Шаги:   52
Эп  1273 | Счет:   0 | Ср.счет(100):   0.00 | Макс:   0 | Epsilon: 0.0010 | Награда:   124.00 | Ср.награда(100):  2329.36 | Шаги:   55
Эп  1274 | Счет:   0 | Ср.счет(100):   0.00 | Макс:   0 | Epsilon: 0.0010 | Награда:   395.20 | Ср.награда(100):  2276.63 | Шаги:   62
Эп  1275 | Счет:   0 | Ср.счет(100):   0.00 | Макс:   0 | Epsilon: 0.0010 | Награда:   116.80 | Ср.награда(100):  2227.19 | Шаги:   54
Эп  1276 | Счет:   0 | Ср.счет(100):   0.00 | Макс:   0 | Epsilon: 0.0010 | Награда:   110.40 | Ср.награда(100):  2106.82 | Шаги:   54
Эп  1277 | Счет:   0 | Ср.счет(100):   0.00 | Макс:   0 | Epsilon: 0.0010 | Награда:   120.40 | Ср.награда(100):  1899.97 | Шаги:   55
Эп  1278 | Счет:   0 | Ср.счет(100):   0.00 | Макс:   0 | Epsilon: 0.0010 | Награда:    85.40 | Ср.награда(100):  1703.42 | Шаги:   53
Эп  1279 | Счет:   0 | Ср.счет(100):   0.00 | Макс:   0 | Epsilon: 0.0010 | Награда:    91.60 | Ср.награда(100):  1520.40 | Шаги:   53
Эп  1280 | Счет:   0 | Ср.счет(100):   0.00 | Макс:   0 | Epsilon: 0.0010 | Награда:    58.60 | Ср.награда(100):  1439.73 | Шаги:   52
Эп  1281 | Счет:   0 | Ср.счет(100):   0.00 | Макс:   0 | Epsilon: 0.0010 | Награда:   583.40 | Ср.награда(100):  1349.12 | Шаги:   89
Эп  1282 | Счет:   0 | Ср.счет(100):   0.00 | Макс:   0 | Epsilon: 0.0010 | Награда:  1094.80 | Ср.награда(100):  1356.36 | Шаги:  127
Эп  1283 | Счет:   0 | Ср.счет(100):   0.00 | Макс:   0 | Epsilon: 0.0010 | Награда:   105.80 | Ср.награда(100):  1315.77 | Шаги:   53
Эп  1284 | Счет:   0 | Ср.счет(100):   0.00 | Макс:   0 | Epsilon: 0.0010 | Награда:   595.40 | Ср.награда(100):  1234.80 | Шаги:   90
Эп  1285 | Счет:   0 | Ср.счет(100):   0.00 | Макс:   0 | Epsilon: 0.0010 | Награда:   436.20 | Ср.награда(100):  1182.30 | Шаги:   68
Эп  1286 | Счет:   0 | Ср.счет(100):   0.00 | Макс:   0 | Epsilon: 0.0010 | Награда:    62.20 | Ср.награда(100):  1165.86 | Шаги:   50
Эп  1287 | Счет:   0 | Ср.счет(100):   0.00 | Макс:   0 | Epsilon: 0.0010 | Награда:   105.20 | Ср.награда(100):  1100.96 | Шаги:   53
Эп  1288 | Счет:   0 | Ср.счет(100):   0.00 | Макс:   0 | Epsilon: 0.0010 | Награда:  2614.60 | Ср.награда(100):  1106.50 | Шаги:  248
Эп  1289 | Счет:   0 | Ср.счет(100):   0.00 | Макс:   0 | Epsilon: 0.0010 | Награда:  2542.20 | Ср.награда(100):  1092.56 | Шаги:  237
Эп  1290 | Счет:   0 | Ср.счет(100):   0.00 | Макс:   0 | Epsilon: 0.0010 | Награда:   432.40 | Ср.награда(100):  1030.45 | Шаги:   69
Эп  1291 | Счет:   0 | Ср.счет(100):   0.00 | Макс:   0 | Epsilon: 0.0010 | Награда:    76.80 | Ср.награда(100):   991.25 | Шаги:   51
Эп  1292 | Счет:   0 | Ср.счет(100):   0.00 | Макс:   0 | Epsilon: 0.0010 | Награда:   127.60 | Ср.награда(100):   948.45 | Шаги:   56
Эп  1293 | Счет:   0 | Ср.счет(100):   0.00 | Макс:   0 | Epsilon: 0.0010 | Награда:  1063.60 | Ср.награда(100):   932.11 | Шаги:  125
Эп  1294 | Счет:   0 | Ср.счет(100):   0.00 | Макс:   0 | Epsilon: 0.0010 | Награда:   162.60 | Ср.награда(100):   893.11 | Шаги:   61
Эп  1295 | Счет:   0 | Ср.счет(100):   0.00 | Макс:   0 | Epsilon: 0.0010 | Награда:  1585.20 | Ср.награда(100):   570.99 | Шаги:  168
Эп  1296 | Счет:   0 | Ср.счет(100):   0.00 | Макс:   0 | Epsilon: 0.0010 | Награда:   432.60 | Ср.награда(100):   566.66 | Шаги:   69
Эп  1297 | Счет:   0 | Ср.счет(100):   0.00 | Макс:   0 | Epsilon: 0.0010 | Награда:   106.40 | Ср.награда(100):   558.91 | Шаги:   53
Эп  1298 | Счет:   0 | Ср.счет(100):   0.00 | Макс:   0 | Epsilon: 0.0010 | Награда:   122.40 | Ср.награда(100):   534.68 | Шаги:   55
Эп  1299 | Счет:   0 | Ср.счет(100):   0.00 | Макс:   0 | Epsilon: 0.0010 | Награда:  3999.40 | Ср.награда(100):   527.31 | Шаги:  353
Эп  1300 | Счет:   0 | Ср.счет(100):   0.00 | Макс:   0 | Epsilon: 0.0010 | Награда:  -141.00 | Ср.награда(100):   481.81 | Шаги:   50
Модель сохранена в models/smart_agent_final_20250606_183246.pt
Обучение завершено за 100.45 минут.
Графики обучения сохранены в logs/smart_agent_training_report_20250606_183246.png

==================================================
РЕЗУЛЬТАТЫ ОБУЧЕНИЯ SMARTDQN АГЕНТА
==================================================
Максимальный счет: 0
Финальный средний счет (100 эпизодов): 0.00
Общее количество эпизодов: 1300
Финальный epsilon: 0.0010
(.venv) ➜  homework_2 git:(main) ✗ 